[INFO] 29-07-2024 09:32:43 [main] [LogUtils] - Open URL: https://hrm.anhtester.com/
[INFO] 29-07-2024 09:32:50 [main] [LogUtils] - Open URL: https://cms.anhtester.com/login
[INFO] 29-07-2024 09:32:54 [main] [LogUtils] - Open URL: https://cms.anhtester.com/login
[INFO] 29-07-2024 09:32:57 [main] [LogUtils] - Open URL: https://cms.anhtester.com/login
[INFO] 29-07-2024 09:33:30 [main] [LogUtils] - Open URL: https://hrm.anhtester.com/
[INFO] 29-07-2024 09:33:36 [main] [LogUtils] - Open URL: https://cms.anhtester.com/login
[INFO] 29-07-2024 09:33:39 [main] [LogUtils] - Open URL: https://cms.anhtester.com/login
[INFO] 29-07-2024 09:33:41 [main] [LogUtils] - Open URL: https://cms.anhtester.com/login
[INFO] 29-07-2024 09:44:19 [main] [LogUtils] - Open URL: https://cms.anhtester.com/login
[INFO] 29-07-2024 09:44:24 [main] [LogUtils] - Open URL: https://cms.anhtester.com/login
[INFO] 29-07-2024 09:44:26 [main] [LogUtils] - Open URL: https://cms.anhtester.com/login
[INFO] 29-07-2024 09:44:28 [main] [LogUtils] - Open URL: https://cms.anhtester.com/login
[INFO] 29-07-2024 09:44:30 [main] [LogUtils] - Open URL: https://cms.anhtester.com/login
[INFO] 29-07-2024 09:44:33 [main] [LogUtils] - Open URL: https://cms.anhtester.com/login
[INFO] 29-07-2024 09:45:02 [main] [LogUtils] - Open URL: https://cms.anhtester.com/login
[INFO] 29-07-2024 09:45:10 [main] [LogUtils] - Open URL: https://cms.anhtester.com/login
[INFO] 29-07-2024 09:45:17 [main] [LogUtils] - Open URL: https://cms.anhtester.com/login
[INFO] 29-07-2024 09:45:25 [main] [LogUtils] - Open URL: https://cms.anhtester.com/login
[INFO] 29-07-2024 09:45:32 [main] [LogUtils] - Open URL: https://cms.anhtester.com/login
[INFO] 29-07-2024 09:45:38 [main] [LogUtils] - Open URL: https://cms.anhtester.com/login
[INFO] 29-07-2024 10:02:35 [main] [LogUtils] - Successful login
[INFO] 29-07-2024 10:02:37 [main] [LogUtils] - Open URL: https://hrm.anhtester.com/
[INFO] 29-07-2024 10:02:37 [main] [LogUtils] - Successful login
[INFO] 29-07-2024 10:02:37 [main] [LogUtils] - Successful login
[INFO] 29-07-2024 10:02:37 [main] [LogUtils] - Successful login
[INFO] 29-07-2024 10:02:38 [main] [LogUtils] - Successful login
[INFO] 29-07-2024 10:02:42 [main] [LogUtils] - Login success
[INFO] 29-07-2024 10:02:42 [main] [LogUtils] - Open URL: https://cms.anhtester.com/login
[INFO] 29-07-2024 10:02:42 [main] [LogUtils] - Login success
[INFO] 29-07-2024 10:02:43 [main] [LogUtils] - Login success
[INFO] 29-07-2024 10:02:44 [main] [LogUtils] - Login success
[INFO] 29-07-2024 10:02:45 [main] [LogUtils] - Login success
[INFO] 29-07-2024 10:02:46 [main] [LogUtils] - Open URL: https://cms.anhtester.com/login
[INFO] 29-07-2024 10:02:46 [main] [LogUtils] - Login success
[INFO] 29-07-2024 10:02:46 [main] [LogUtils] - Login success
[INFO] 29-07-2024 10:02:46 [main] [LogUtils] - Login success
[INFO] 29-07-2024 10:02:47 [main] [LogUtils] - Login success
[INFO] 29-07-2024 10:02:48 [main] [LogUtils] - Open URL: https://cms.anhtester.com/login
[INFO] 29-07-2024 10:02:48 [main] [LogUtils] - Login success
[INFO] 29-07-2024 10:02:48 [main] [LogUtils] - Login success
[INFO] 29-07-2024 10:02:48 [main] [LogUtils] - Login success
[INFO] 29-07-2024 10:04:25 [main] [LogUtils] - Successful login
[INFO] 29-07-2024 10:04:26 [main] [LogUtils] - Open URL: https://hrm.anhtester.com/
[INFO] 29-07-2024 10:04:26 [main] [LogUtils] - Successful login
[INFO] 29-07-2024 10:04:26 [main] [LogUtils] - Successful login
[INFO] 29-07-2024 10:04:26 [main] [LogUtils] - Successful login
[INFO] 29-07-2024 10:04:27 [main] [LogUtils] - Successful login
[INFO] 29-07-2024 10:04:31 [main] [LogUtils] - Login success
[INFO] 29-07-2024 10:04:32 [main] [LogUtils] - Open URL: https://cms.anhtester.com/login
[INFO] 29-07-2024 10:04:32 [main] [LogUtils] - Login success
[INFO] 29-07-2024 10:04:32 [main] [LogUtils] - Login success
[INFO] 29-07-2024 10:04:33 [main] [LogUtils] - Login success
[INFO] 29-07-2024 10:04:34 [main] [LogUtils] - Login success
[INFO] 29-07-2024 10:04:35 [main] [LogUtils] - Open URL: https://cms.anhtester.com/login
[INFO] 29-07-2024 10:04:35 [main] [LogUtils] - Login success
[INFO] 29-07-2024 10:04:35 [main] [LogUtils] - Login success
[INFO] 29-07-2024 10:04:36 [main] [LogUtils] - Login success
[INFO] 29-07-2024 10:04:37 [main] [LogUtils] - Login success
[INFO] 29-07-2024 10:04:38 [main] [LogUtils] - Open URL: https://cms.anhtester.com/login
[INFO] 29-07-2024 10:04:38 [main] [LogUtils] - Login success
[INFO] 29-07-2024 10:04:38 [main] [LogUtils] - Login success
[INFO] 29-07-2024 10:04:38 [main] [LogUtils] - Login success
[INFO] 29-07-2024 15:28:52 [main] [LogUtils] - Add new category
[INFO] 29-07-2024 15:28:54 [main] [LogUtils] - Add new category
[INFO] 29-07-2024 15:28:55 [main] [LogUtils] - Add new category
[INFO] 29-07-2024 15:28:56 [main] [LogUtils] - Add new category
[INFO] 29-07-2024 15:28:57 [main] [LogUtils] - Add new category
[INFO] 29-07-2024 15:28:58 [main] [LogUtils] - Add new category
[INFO] 29-07-2024 15:29:52 [main] [LogUtils] - Add new category
[INFO] 29-07-2024 15:29:53 [main] [LogUtils] - Open URL: https://cms.anhtester.com/login
[INFO] 29-07-2024 15:29:54 [main] [LogUtils] - Add new category
[INFO] 29-07-2024 15:29:55 [main] [LogUtils] - Open URL: https://cms.anhtester.com/login
[INFO] 29-07-2024 15:29:56 [main] [LogUtils] - Add new category
[INFO] 29-07-2024 15:29:58 [main] [LogUtils] - Open URL: https://cms.anhtester.com/login
[INFO] 29-07-2024 15:29:59 [main] [LogUtils] - Add new category
[INFO] 29-07-2024 15:30:00 [main] [LogUtils] - Open URL: https://cms.anhtester.com/login
[INFO] 29-07-2024 15:30:01 [main] [LogUtils] - Add new category
[INFO] 29-07-2024 15:30:02 [main] [LogUtils] - Open URL: https://cms.anhtester.com/login
[INFO] 29-07-2024 15:30:03 [main] [LogUtils] - Add new category
[INFO] 29-07-2024 15:30:04 [main] [LogUtils] - Open URL: https://cms.anhtester.com/login
[INFO] 29-07-2024 15:31:23 [main] [LogUtils] - Add new category
[INFO] 29-07-2024 15:31:24 [main] [LogUtils] - Open URL: https://cms.anhtester.com/login
[INFO] 29-07-2024 15:31:25 [main] [LogUtils] - Add new category
[INFO] 29-07-2024 15:31:27 [main] [LogUtils] - Add new category
[INFO] 29-07-2024 15:31:28 [main] [LogUtils] - Add new category
[INFO] 29-07-2024 15:31:28 [main] [LogUtils] - Add new category
[INFO] 29-07-2024 15:31:28 [main] [LogUtils] - Add new category
[INFO] 29-07-2024 15:31:28 [main] [LogUtils] - Add new category
[INFO] 29-07-2024 15:31:28 [main] [LogUtils] - Add new category
[INFO] 29-07-2024 15:31:28 [main] [LogUtils] - Add new category
[INFO] 29-07-2024 15:31:28 [main] [LogUtils] - Add new category
[INFO] 29-07-2024 15:31:28 [main] [LogUtils] - Add new category
[INFO] 29-07-2024 15:31:28 [main] [LogUtils] - Add new category
[INFO] 29-07-2024 15:31:28 [main] [LogUtils] - Add new category
[INFO] 29-07-2024 15:31:29 [main] [LogUtils] - Add new category
[INFO] 29-07-2024 15:31:30 [main] [LogUtils] - Open URL: https://cms.anhtester.com/login
[INFO] 29-07-2024 15:31:31 [main] [LogUtils] - Add new category
[INFO] 29-07-2024 15:31:34 [main] [LogUtils] - Add new category
[INFO] 29-07-2024 15:31:34 [main] [LogUtils] - Add new category
[INFO] 29-07-2024 15:31:34 [main] [LogUtils] - Add new category
[INFO] 29-07-2024 15:31:34 [main] [LogUtils] - Add new category
[INFO] 29-07-2024 15:31:34 [main] [LogUtils] - Add new category
[INFO] 29-07-2024 15:31:34 [main] [LogUtils] - Add new category
[INFO] 29-07-2024 15:31:34 [main] [LogUtils] - Add new category
[INFO] 29-07-2024 15:31:34 [main] [LogUtils] - Add new category
[INFO] 29-07-2024 15:31:34 [main] [LogUtils] - Add new category
[INFO] 29-07-2024 15:31:34 [main] [LogUtils] - Add new category
[INFO] 29-07-2024 15:31:35 [main] [LogUtils] - Add new category
[INFO] 29-07-2024 15:31:36 [main] [LogUtils] - Add new category
[INFO] 29-07-2024 15:31:37 [main] [LogUtils] - Open URL: https://cms.anhtester.com/login
[INFO] 29-07-2024 15:31:38 [main] [LogUtils] - Add new category
[INFO] 29-07-2024 15:31:41 [main] [LogUtils] - Add new category
[INFO] 29-07-2024 15:31:41 [main] [LogUtils] - Add new category
[INFO] 29-07-2024 15:31:41 [main] [LogUtils] - Add new category
[INFO] 29-07-2024 15:31:41 [main] [LogUtils] - Add new category
[INFO] 29-07-2024 15:31:41 [main] [LogUtils] - Add new category
[INFO] 29-07-2024 15:31:41 [main] [LogUtils] - Add new category
[INFO] 29-07-2024 15:31:41 [main] [LogUtils] - Add new category
[INFO] 29-07-2024 15:31:41 [main] [LogUtils] - Add new category
[INFO] 29-07-2024 15:31:41 [main] [LogUtils] - Add new category
[INFO] 29-07-2024 15:31:41 [main] [LogUtils] - Add new category
[INFO] 29-07-2024 15:31:42 [main] [LogUtils] - Add new category
[INFO] 29-07-2024 15:31:43 [main] [LogUtils] - Add new category
[INFO] 29-07-2024 15:31:44 [main] [LogUtils] - Open URL: https://cms.anhtester.com/login
[INFO] 29-07-2024 15:31:45 [main] [LogUtils] - Add new category
[INFO] 29-07-2024 15:31:47 [main] [LogUtils] - Add new category
[INFO] 29-07-2024 15:31:47 [main] [LogUtils] - Add new category
[INFO] 29-07-2024 15:31:47 [main] [LogUtils] - Add new category
[INFO] 29-07-2024 15:31:47 [main] [LogUtils] - Add new category
[INFO] 29-07-2024 15:31:47 [main] [LogUtils] - Add new category
[INFO] 29-07-2024 15:31:47 [main] [LogUtils] - Add new category
[INFO] 29-07-2024 15:31:47 [main] [LogUtils] - Add new category
[INFO] 29-07-2024 15:31:47 [main] [LogUtils] - Add new category
[INFO] 29-07-2024 15:31:47 [main] [LogUtils] - Add new category
[INFO] 29-07-2024 15:31:47 [main] [LogUtils] - Add new category
[INFO] 29-07-2024 15:31:48 [main] [LogUtils] - Add new category
[INFO] 29-07-2024 15:31:49 [main] [LogUtils] - Add new category
[INFO] 29-07-2024 15:31:50 [main] [LogUtils] - Open URL: https://cms.anhtester.com/login
[INFO] 29-07-2024 15:31:52 [main] [LogUtils] - Add new category
[INFO] 29-07-2024 15:31:54 [main] [LogUtils] - Add new category
[INFO] 29-07-2024 15:31:54 [main] [LogUtils] - Add new category
[INFO] 29-07-2024 15:31:54 [main] [LogUtils] - Add new category
[INFO] 29-07-2024 15:31:54 [main] [LogUtils] - Add new category
[INFO] 29-07-2024 15:31:54 [main] [LogUtils] - Add new category
[INFO] 29-07-2024 15:31:54 [main] [LogUtils] - Add new category
[INFO] 29-07-2024 15:31:54 [main] [LogUtils] - Add new category
[INFO] 29-07-2024 15:31:54 [main] [LogUtils] - Add new category
[INFO] 29-07-2024 15:31:54 [main] [LogUtils] - Add new category
[INFO] 29-07-2024 15:31:54 [main] [LogUtils] - Add new category
[INFO] 29-07-2024 15:31:55 [main] [LogUtils] - Add new category
[INFO] 29-07-2024 15:31:56 [main] [LogUtils] - Add new category
[INFO] 29-07-2024 15:31:57 [main] [LogUtils] - Open URL: https://cms.anhtester.com/login
[INFO] 29-07-2024 15:31:59 [main] [LogUtils] - Add new category
[INFO] 29-07-2024 15:32:02 [main] [LogUtils] - Add new category
[INFO] 29-07-2024 15:32:02 [main] [LogUtils] - Add new category
[INFO] 29-07-2024 15:32:02 [main] [LogUtils] - Add new category
[INFO] 29-07-2024 15:32:02 [main] [LogUtils] - Add new category
[INFO] 29-07-2024 15:32:02 [main] [LogUtils] - Add new category
[INFO] 29-07-2024 15:32:02 [main] [LogUtils] - Add new category
[INFO] 29-07-2024 15:32:02 [main] [LogUtils] - Add new category
[INFO] 29-07-2024 15:32:02 [main] [LogUtils] - Add new category
[INFO] 29-07-2024 15:32:02 [main] [LogUtils] - Add new category
[INFO] 29-07-2024 15:32:02 [main] [LogUtils] - Add new category
[INFO] 29-07-2024 15:32:04 [main] [LogUtils] - Add new category
[INFO] 29-07-2024 16:37:37 [main] [LogUtils] - Add new category
[INFO] 29-07-2024 16:37:37 [main] [LogUtils] - Add new category
[INFO] 29-07-2024 16:37:37 [main] [LogUtils] - Add new category
[INFO] 29-07-2024 16:37:37 [main] [LogUtils] - Add new category
[INFO] 29-07-2024 16:37:37 [main] [LogUtils] - Add new category
[INFO] 29-07-2024 16:37:37 [main] [LogUtils] - Add new category
[INFO] 29-07-2024 16:40:53 [main] [LogUtils] - Add new category
[INFO] 29-07-2024 16:40:53 [main] [LogUtils] - Add new category
[INFO] 29-07-2024 16:40:53 [main] [LogUtils] - Add new category
[INFO] 29-07-2024 16:40:53 [main] [LogUtils] - Add new category
[INFO] 29-07-2024 16:40:53 [main] [LogUtils] - Add new category
[INFO] 29-07-2024 16:40:53 [main] [LogUtils] - Add new category
[INFO] 29-07-2024 16:41:33 [main] [LogUtils] - Add new category
[INFO] 29-07-2024 16:41:35 [main] [LogUtils] - Open URL: https://cms.anhtester.com/users/login
[INFO] 29-07-2024 16:41:36 [main] [LogUtils] - Add new category
[INFO] 29-07-2024 16:41:37 [main] [LogUtils] - Add new category
[INFO] 29-07-2024 16:41:38 [main] [LogUtils] - Add new category
[INFO] 29-07-2024 16:41:39 [main] [LogUtils] - Add new category
[INFO] 29-07-2024 16:42:31 [main] [LogUtils] - Add new category
[INFO] 29-07-2024 16:46:11 [main] [LogUtils] - Add new category
[INFO] 29-07-2024 16:46:12 [main] [LogUtils] - Open URL: https://cms.anhtester.com//login
[INFO] 29-07-2024 16:46:32 [main] [LogUtils] - Add new category
[INFO] 29-07-2024 16:46:33 [main] [LogUtils] - Open URL: https://cms.anhtester.com/login
[INFO] 29-07-2024 16:46:34 [main] [LogUtils] - Add new category
[INFO] 29-07-2024 16:46:35 [main] [LogUtils] - Add new category
[INFO] 29-07-2024 16:46:36 [main] [LogUtils] - Add new category
[INFO] 29-07-2024 16:46:37 [main] [LogUtils] - Add new category
[INFO] 29-07-2024 16:46:38 [main] [LogUtils] - Add new category
[INFO] 29-07-2024 16:47:55 [main] [LogUtils] - Add new category
[INFO] 29-07-2024 16:47:56 [main] [LogUtils] - Open URL: https://cms.anhtester.com/login
[INFO] 29-07-2024 16:47:57 [main] [LogUtils] - Add new category
[INFO] 29-07-2024 16:47:59 [main] [LogUtils] - Add new category
[INFO] 29-07-2024 16:48:00 [main] [LogUtils] - Add new category
[INFO] 29-07-2024 16:48:01 [main] [LogUtils] - Add new category
[INFO] 29-07-2024 16:48:02 [main] [LogUtils] - Add new category
[INFO] 29-07-2024 16:50:31 [main] [LogUtils] - Add new category
[INFO] 29-07-2024 16:50:32 [main] [LogUtils] - Open URL: https://cms.anhtester.com/login
[INFO] 29-07-2024 16:50:34 [main] [LogUtils] - Add new category
[INFO] 29-07-2024 16:50:36 [main] [LogUtils] - Add new category
[INFO] 29-07-2024 16:50:36 [main] [LogUtils] - Add new category
[INFO] 29-07-2024 16:50:36 [main] [LogUtils] - Add new category
[INFO] 29-07-2024 16:50:36 [main] [LogUtils] - Add new category
[INFO] 29-07-2024 16:50:36 [main] [LogUtils] - Add new category
[INFO] 29-07-2024 16:50:36 [main] [LogUtils] - Add new category
[INFO] 29-07-2024 16:50:36 [main] [LogUtils] - Add new category
[INFO] 29-07-2024 16:50:37 [main] [LogUtils] - Add new category
[INFO] 29-07-2024 16:50:37 [main] [LogUtils] - Add new category
[INFO] 29-07-2024 16:50:37 [main] [LogUtils] - Add new category
[INFO] 29-07-2024 16:50:37 [main] [LogUtils] - Add new category
[INFO] 29-07-2024 16:50:38 [main] [LogUtils] - Add new category
[INFO] 29-07-2024 16:50:39 [main] [LogUtils] - Add new category
[INFO] 29-07-2024 16:50:40 [main] [LogUtils] - Add new category
[INFO] 29-07-2024 16:50:41 [main] [LogUtils] - Add new category
[INFO] 29-07-2024 16:50:42 [main] [LogUtils] - Add new category
[INFO] 29-07-2024 17:04:48 [TestNG-PoolService-2] [LogUtils] - Add new category
[INFO] 29-07-2024 17:04:48 [TestNG-PoolService-6] [LogUtils] - Add new category
[INFO] 29-07-2024 17:04:48 [TestNG-PoolService-1] [LogUtils] - Add new category
[INFO] 29-07-2024 17:04:48 [TestNG-PoolService-4] [LogUtils] - Add new category
[INFO] 29-07-2024 17:04:48 [TestNG-PoolService-3] [LogUtils] - Add new category
[INFO] 29-07-2024 17:04:48 [TestNG-PoolService-5] [LogUtils] - Add new category
[INFO] 29-07-2024 17:05:13 [TestNG-PoolService-6] [LogUtils] - Add new category
[INFO] 29-07-2024 17:05:13 [TestNG-PoolService-1] [LogUtils] - Add new category
[INFO] 29-07-2024 17:05:13 [TestNG-PoolService-5] [LogUtils] - Add new category
[INFO] 29-07-2024 17:05:13 [TestNG-PoolService-3] [LogUtils] - Add new category
[INFO] 29-07-2024 17:05:13 [TestNG-PoolService-4] [LogUtils] - Add new category
[INFO] 29-07-2024 17:05:13 [TestNG-PoolService-2] [LogUtils] - Add new category
[INFO] 29-07-2024 19:26:57 [TestNG-PoolService-4] [LogUtils] - Add new category
[INFO] 29-07-2024 19:26:57 [TestNG-PoolService-2] [LogUtils] - Add new category
[INFO] 29-07-2024 19:26:57 [TestNG-PoolService-1] [LogUtils] - Add new category
[INFO] 29-07-2024 19:26:57 [TestNG-PoolService-5] [LogUtils] - Add new category
[INFO] 29-07-2024 19:26:57 [TestNG-PoolService-6] [LogUtils] - Add new category
[INFO] 29-07-2024 19:26:57 [TestNG-PoolService-3] [LogUtils] - Add new category
[INFO] 29-07-2024 19:34:12 [TestNG-PoolService-2] [LogUtils] - Add new category
[INFO] 29-07-2024 19:34:12 [TestNG-PoolService-4] [LogUtils] - Add new category
[INFO] 29-07-2024 19:34:12 [TestNG-PoolService-5] [LogUtils] - Add new category
[INFO] 29-07-2024 19:34:12 [TestNG-PoolService-6] [LogUtils] - Add new category
[INFO] 29-07-2024 19:34:12 [TestNG-PoolService-1] [LogUtils] - Add new category
[INFO] 29-07-2024 19:34:12 [TestNG-PoolService-3] [LogUtils] - Add new category
[INFO] 29-07-2024 19:41:41 [TestNG-PoolService-6] [LogUtils] - Driver in TestContext: ChromeDriver: chrome on windows (3a38765abedf39e2af5160dee869a13e)
[INFO] 29-07-2024 19:41:41 [TestNG-PoolService-1] [LogUtils] - Driver in TestContext: ChromeDriver: chrome on windows (ba4a7082f2bed21df117db72a90e7ca7)
[INFO] 29-07-2024 19:41:41 [TestNG-PoolService-4] [LogUtils] - Driver in TestContext: ChromeDriver: chrome on windows (6398ac6838f75932b3549a21a0c50702)
[INFO] 29-07-2024 19:41:41 [TestNG-PoolService-2] [LogUtils] - Driver in TestContext: ChromeDriver: chrome on windows (44febb15c3b0d58e652255765e2a228a)
[INFO] 29-07-2024 19:41:41 [TestNG-PoolService-5] [LogUtils] - Driver in TestContext: ChromeDriver: chrome on windows (3c3c6aff4300316b3f4818ee589a97c8)
[INFO] 29-07-2024 19:41:41 [TestNG-PoolService-3] [LogUtils] - Driver in TestContext: ChromeDriver: chrome on windows (e3c87dbb479247e62ac9ef89b3b4815a)
[INFO] 29-07-2024 19:41:42 [TestNG-PoolService-6] [LogUtils] - Open URL: https://cms.anhtester.com/login
[INFO] 29-07-2024 19:41:42 [TestNG-PoolService-2] [LogUtils] - Open URL: https://cms.anhtester.com/login
[INFO] 29-07-2024 19:41:42 [TestNG-PoolService-4] [LogUtils] - Open URL: https://cms.anhtester.com/login
[INFO] 29-07-2024 19:41:42 [TestNG-PoolService-5] [LogUtils] - Open URL: https://cms.anhtester.com/login
[INFO] 29-07-2024 19:41:42 [TestNG-PoolService-1] [LogUtils] - Open URL: https://cms.anhtester.com/login
[INFO] 29-07-2024 19:41:42 [TestNG-PoolService-3] [LogUtils] - Open URL: https://cms.anhtester.com/login
[INFO] 29-07-2024 19:41:49 [TestNG-PoolService-5] [LogUtils] - Driver in TestContext: ChromeDriver: chrome on windows (452b42251a69a3027f27ba8b1e4c4446)
[INFO] 29-07-2024 19:41:50 [TestNG-PoolService-1] [LogUtils] - Driver in TestContext: ChromeDriver: chrome on windows (fa23e4a96099b2559ce74f70bc6a687b)
[INFO] 29-07-2024 19:41:50 [TestNG-PoolService-6] [LogUtils] - Driver in TestContext: ChromeDriver: chrome on windows (46bcf1ff289ea5cee27969018697c787)
[INFO] 29-07-2024 19:41:50 [TestNG-PoolService-2] [LogUtils] - Driver in TestContext: ChromeDriver: chrome on windows (fc7cd40ae0d10d82cbdca624aa15f1fc)
[INFO] 29-07-2024 19:41:51 [TestNG-PoolService-3] [LogUtils] - Driver in TestContext: ChromeDriver: chrome on windows (c1af168e9b8f2b23a5b9390836ae7283)
[INFO] 29-07-2024 19:41:51 [TestNG-PoolService-4] [LogUtils] - Driver in TestContext: ChromeDriver: chrome on windows (8b2b86f345013ca20aa38fcd652c54bb)
[INFO] 29-07-2024 19:42:42 [main] [LogUtils] - Driver in TestContext: ChromeDriver: chrome on windows (2e434253f54669877fdb5f617173274a)
[INFO] 29-07-2024 19:42:43 [main] [LogUtils] - Open URL: https://cms.anhtester.com/login
[INFO] 29-07-2024 19:42:45 [main] [LogUtils] - Driver in TestContext: ChromeDriver: chrome on windows (51d111793c6bcf716a4f23f33d58d112)
[ERROR] 29-07-2024 19:42:55 [main] [LogUtils] - Timeout waiting for the element Visible. By.xpath: //*[@id="main-menu"]/li[2]/a
[INFO] 29-07-2024 19:42:56 [main] [LogUtils] - Driver in TestContext: ChromeDriver: chrome on windows (ebb4b4394cd66f9bd8be641534486f3d)
[INFO] 29-07-2024 19:42:57 [main] [LogUtils] - Open URL: https://cms.anhtester.com/login
[INFO] 29-07-2024 19:42:58 [main] [LogUtils] - Driver in TestContext: ChromeDriver: chrome on windows (66cd9109f3164c6d25bb3316f306d370)
[INFO] 29-07-2024 19:42:59 [main] [LogUtils] - Open URL: https://cms.anhtester.com/login
[INFO] 29-07-2024 20:04:07 [main] [LogUtils] - Driver in TestContext: ChromeDriver: chrome on windows (394ce4c6bf03083d223a0e2565535035)
[INFO] 29-07-2024 20:04:08 [main] [LogUtils] - Open URL: https://cms.anhtester.com/login
[INFO] 29-07-2024 20:04:10 [main] [LogUtils] - Driver in TestContext: ChromeDriver: chrome on windows (6be0c4f9f637a0ab6cb3a8d3386bfa14)
[ERROR] 29-07-2024 20:04:20 [main] [LogUtils] - Timeout waiting for the element Visible. By.xpath: //*[@id="main-menu"]/li[2]/a
[INFO] 29-07-2024 20:04:21 [main] [LogUtils] - Driver in TestContext: ChromeDriver: chrome on windows (cdfc4d6895f2ede6fcefdf79dcbd1d88)
[INFO] 29-07-2024 20:04:22 [main] [LogUtils] - Open URL: https://cms.anhtester.com/login
[INFO] 29-07-2024 20:04:24 [main] [LogUtils] - Driver in TestContext: ChromeDriver: chrome on windows (cea2c352af3a1afaafa5c8a6cdc5fc68)
[ERROR] 29-07-2024 20:04:35 [main] [LogUtils] - Timeout waiting for the element Visible. By.xpath: //*[@id="main-menu"]/li[2]/a
[INFO] 29-07-2024 20:04:35 [main] [LogUtils] - Driver in TestContext: ChromeDriver: chrome on windows (47f8352396cb087ec9fbc77b73404700)
[INFO] 29-07-2024 20:04:36 [main] [LogUtils] - Open URL: https://cms.anhtester.com/login
[INFO] 29-07-2024 20:04:39 [main] [LogUtils] - Driver in TestContext: ChromeDriver: chrome on windows (8352bb68516cc151ee1e2fabeac8b34d)
[ERROR] 29-07-2024 20:04:49 [main] [LogUtils] - Timeout waiting for the element Visible. By.xpath: //*[@id="main-menu"]/li[2]/a
[INFO] 29-07-2024 20:04:50 [main] [LogUtils] - Driver in TestContext: ChromeDriver: chrome on windows (332832b1aca386df40b0124eccc9c8f9)
[INFO] 29-07-2024 20:04:51 [main] [LogUtils] - Open URL: https://cms.anhtester.com/login
[INFO] 29-07-2024 20:04:53 [main] [LogUtils] - Driver in TestContext: ChromeDriver: chrome on windows (8c18be75278974ea48d3f28b72e0d6f0)
[ERROR] 29-07-2024 20:05:04 [main] [LogUtils] - Timeout waiting for the element Visible. By.xpath: //*[@id="main-menu"]/li[2]/a
[INFO] 29-07-2024 20:05:04 [main] [LogUtils] - Driver in TestContext: ChromeDriver: chrome on windows (035b027ff9d1c62da32adfd5716fd611)
[INFO] 29-07-2024 20:05:05 [main] [LogUtils] - Open URL: https://cms.anhtester.com/login
[INFO] 29-07-2024 20:05:08 [main] [LogUtils] - Driver in TestContext: ChromeDriver: chrome on windows (7200ca572e2169497ff661a8c80053b3)
[ERROR] 29-07-2024 20:05:18 [main] [LogUtils] - Timeout waiting for the element Visible. By.xpath: //*[@id="main-menu"]/li[2]/a
[INFO] 29-07-2024 20:05:19 [main] [LogUtils] - Driver in TestContext: ChromeDriver: chrome on windows (cec1e8b01b08ef30c16ccaeb0f6e63ca)
[INFO] 29-07-2024 20:05:20 [main] [LogUtils] - Open URL: https://cms.anhtester.com/login
[INFO] 29-07-2024 20:05:23 [main] [LogUtils] - Driver in TestContext: ChromeDriver: chrome on windows (1b720a41b49a6e636c8bfb00a2ab8b7a)
[INFO] 29-07-2024 20:10:26 [main] [LogUtils] - Driver in TestContext: ChromeDriver: chrome on windows (851311f5b0a002dc33b976d2c7f3d755)
[INFO] 29-07-2024 20:10:27 [main] [LogUtils] - Open URL: https://cms.anhtester.com/login
[INFO] 29-07-2024 20:10:31 [main] [LogUtils] - Driver in TestContext: ChromeDriver: chrome on windows (2cf5e50103cb1c3e5415a5ad558d7051)
[INFO] 29-07-2024 20:10:31 [main] [LogUtils] - Open URL: https://cms.anhtester.com/login
[INFO] 29-07-2024 20:10:35 [main] [LogUtils] - Driver in TestContext: ChromeDriver: chrome on windows (d5e1dbef978fc46bae9ccbb611265506)
[INFO] 29-07-2024 20:10:35 [main] [LogUtils] - Open URL: https://cms.anhtester.com/login
[INFO] 29-07-2024 20:10:39 [main] [LogUtils] - Driver in TestContext: ChromeDriver: chrome on windows (022b8fa011bb6361d4bbb5866ca99f74)
[INFO] 29-07-2024 20:10:40 [main] [LogUtils] - Open URL: https://cms.anhtester.com/login
[INFO] 29-07-2024 20:10:43 [main] [LogUtils] - Driver in TestContext: ChromeDriver: chrome on windows (15d688aacf3f6131a2449d7513bdac92)
[INFO] 29-07-2024 20:10:44 [main] [LogUtils] - Open URL: https://cms.anhtester.com/login
[INFO] 29-07-2024 20:10:48 [main] [LogUtils] - Driver in TestContext: ChromeDriver: chrome on windows (9b6d7fb21af0a9a8f348fbea147331ad)
[INFO] 29-07-2024 20:10:49 [main] [LogUtils] - Open URL: https://cms.anhtester.com/login
[INFO] 29-07-2024 20:17:23 [TestNG-PoolService-6] [LogUtils] - Driver in TestContext: ChromeDriver: chrome on windows (bc3fa58790d85647d23be2a3a5ecdfb8)
[INFO] 29-07-2024 20:17:23 [TestNG-PoolService-3] [LogUtils] - Driver in TestContext: ChromeDriver: chrome on windows (fafb6eae5ea0067949f2b2cf952583c9)
[INFO] 29-07-2024 20:17:23 [TestNG-PoolService-5] [LogUtils] - Driver in TestContext: ChromeDriver: chrome on windows (c2bff58105f04cd95a6a9541f67cc828)
[INFO] 29-07-2024 20:17:23 [TestNG-PoolService-4] [LogUtils] - Driver in TestContext: ChromeDriver: chrome on windows (b8d8f3a832c611e432e8d1280494cafc)
[INFO] 29-07-2024 20:17:23 [TestNG-PoolService-1] [LogUtils] - Driver in TestContext: ChromeDriver: chrome on windows (d24b0b9bc2a741dec7ebc1c017f9d27d)
[INFO] 29-07-2024 20:17:23 [TestNG-PoolService-2] [LogUtils] - Driver in TestContext: ChromeDriver: chrome on windows (4a559c76dfed7fc7b92391411aa38c2c)
[INFO] 29-07-2024 20:17:23 [TestNG-PoolService-5] [LogUtils] - Open URL: https://cms.anhtester.com/login
[INFO] 29-07-2024 20:17:24 [TestNG-PoolService-2] [LogUtils] - Open URL: https://cms.anhtester.com/login
[INFO] 29-07-2024 20:17:24 [TestNG-PoolService-1] [LogUtils] - Open URL: https://cms.anhtester.com/login
[INFO] 29-07-2024 20:17:24 [TestNG-PoolService-3] [LogUtils] - Open URL: https://cms.anhtester.com/login
[INFO] 29-07-2024 20:17:24 [TestNG-PoolService-4] [LogUtils] - Open URL: https://cms.anhtester.com/login
[INFO] 29-07-2024 20:17:24 [TestNG-PoolService-6] [LogUtils] - Open URL: https://cms.anhtester.com/login
[INFO] 29-07-2024 20:19:23 [TestNG-PoolService-2] [LogUtils] - Driver in TestContext: ChromeDriver: chrome on windows (683c0478f02259d2cc784895cc0571f7)
[INFO] 29-07-2024 20:19:23 [TestNG-PoolService-3] [LogUtils] - Driver in TestContext: ChromeDriver: chrome on windows (365fcb44d52c877d0628fe700300bb8c)
[INFO] 29-07-2024 20:19:23 [TestNG-PoolService-5] [LogUtils] - Driver in TestContext: ChromeDriver: chrome on windows (6609d5f1e431eb8a428f393d0c725ef9)
[INFO] 29-07-2024 20:19:23 [TestNG-PoolService-1] [LogUtils] - Driver in TestContext: ChromeDriver: chrome on windows (0d74b5788c3c20b3bce3a0ee92c605b8)
[INFO] 29-07-2024 20:19:23 [TestNG-PoolService-4] [LogUtils] - Driver in TestContext: ChromeDriver: chrome on windows (19f580ab7c14eb932934992a9de30ea7)
[INFO] 29-07-2024 20:19:23 [TestNG-PoolService-6] [LogUtils] - Driver in TestContext: ChromeDriver: chrome on windows (b8c60a86e1a14e63195f75396acdb2d8)
[INFO] 29-07-2024 20:19:25 [TestNG-PoolService-4] [LogUtils] - Open URL: https://cms.anhtester.com/login
[INFO] 29-07-2024 20:19:25 [TestNG-PoolService-1] [LogUtils] - Open URL: https://cms.anhtester.com/login
[INFO] 29-07-2024 20:19:25 [TestNG-PoolService-2] [LogUtils] - Open URL: https://cms.anhtester.com/login
[INFO] 29-07-2024 20:19:25 [TestNG-PoolService-3] [LogUtils] - Open URL: https://cms.anhtester.com/login
[INFO] 29-07-2024 20:19:25 [TestNG-PoolService-5] [LogUtils] - Open URL: https://cms.anhtester.com/login
[INFO] 29-07-2024 20:19:25 [TestNG-PoolService-6] [LogUtils] - Open URL: https://cms.anhtester.com/login
[INFO] 29-07-2024 20:20:46 [TestNG-PoolService-2] [LogUtils] - Driver in TestContext: ChromeDriver: chrome on windows (bef9b8ba2a06bbed9bd44a20166159b7)
[INFO] 29-07-2024 20:20:46 [TestNG-PoolService-3] [LogUtils] - Driver in TestContext: ChromeDriver: chrome on windows (edc96acfe4e805ab17074ac16eae0a0b)
[INFO] 29-07-2024 20:20:46 [TestNG-PoolService-4] [LogUtils] - Driver in TestContext: ChromeDriver: chrome on windows (b2fe3bd9813261b3e5ffcf6cb9761bf7)
[INFO] 29-07-2024 20:20:46 [TestNG-PoolService-1] [LogUtils] - Driver in TestContext: ChromeDriver: chrome on windows (abbbf4809ee1412aea553b2ab423c934)
[INFO] 29-07-2024 20:20:46 [TestNG-PoolService-5] [LogUtils] - Driver in TestContext: ChromeDriver: chrome on windows (97b3593be01e03bf4fc106b2ffb12ecb)
[INFO] 29-07-2024 20:20:46 [TestNG-PoolService-6] [LogUtils] - Driver in TestContext: ChromeDriver: chrome on windows (e84fcc62e038e14ca3549498929a183b)
[INFO] 29-07-2024 20:20:47 [TestNG-PoolService-1] [LogUtils] - Open URL: https://cms.anhtester.com/login
[INFO] 29-07-2024 20:20:47 [TestNG-PoolService-2] [LogUtils] - Open URL: https://cms.anhtester.com/login
[INFO] 29-07-2024 20:20:47 [TestNG-PoolService-6] [LogUtils] - Open URL: https://cms.anhtester.com/login
[INFO] 29-07-2024 20:20:47 [TestNG-PoolService-5] [LogUtils] - Open URL: https://cms.anhtester.com/login
[INFO] 29-07-2024 20:20:47 [TestNG-PoolService-4] [LogUtils] - Open URL: https://cms.anhtester.com/login
[INFO] 29-07-2024 20:20:48 [TestNG-PoolService-3] [LogUtils] - Open URL: https://cms.anhtester.com/login
[INFO] 29-07-2024 20:20:48 [TestNG-PoolService-6] [LogUtils] - Javascript in NOT Ready!
[INFO] 29-07-2024 20:20:48 [TestNG-PoolService-2] [LogUtils] - Javascript in NOT Ready!
[INFO] 29-07-2024 20:20:48 [TestNG-PoolService-5] [LogUtils] - Javascript in NOT Ready!
[INFO] 29-07-2024 20:20:48 [TestNG-PoolService-1] [LogUtils] - Javascript in NOT Ready!
[INFO] 29-07-2024 20:23:13 [TestNG-PoolService-4] [LogUtils] - Driver in TestContext: ChromeDriver: chrome on windows (f334f8902e79f289ccf8b6e1b1e4e9bd)
[INFO] 29-07-2024 20:23:13 [TestNG-PoolService-5] [LogUtils] - Driver in TestContext: ChromeDriver: chrome on windows (8b3932b468d82c4bd482d3b5c7e05869)
[INFO] 29-07-2024 20:23:13 [TestNG-PoolService-2] [LogUtils] - Driver in TestContext: ChromeDriver: chrome on windows (639164311256f32c652ae5f6f56e379d)
[INFO] 29-07-2024 20:23:13 [TestNG-PoolService-6] [LogUtils] - Driver in TestContext: ChromeDriver: chrome on windows (1f0372a0c03415f496c94d699ef49a4b)
[INFO] 29-07-2024 20:23:13 [TestNG-PoolService-1] [LogUtils] - Driver in TestContext: ChromeDriver: chrome on windows (22dfa11c982c755b0368f19c062f5ae2)
[INFO] 29-07-2024 20:23:13 [TestNG-PoolService-3] [LogUtils] - Driver in TestContext: ChromeDriver: chrome on windows (ebeb24d2308570220521d6075cce830a)
[INFO] 29-07-2024 20:23:14 [TestNG-PoolService-6] [LogUtils] - Open URL: https://cms.anhtester.com/login
[INFO] 29-07-2024 20:23:15 [TestNG-PoolService-1] [LogUtils] - Open URL: https://cms.anhtester.com/login
[INFO] 29-07-2024 20:23:15 [TestNG-PoolService-5] [LogUtils] - Open URL: https://cms.anhtester.com/login
[INFO] 29-07-2024 20:23:15 [TestNG-PoolService-4] [LogUtils] - Open URL: https://cms.anhtester.com/login
[INFO] 29-07-2024 20:23:15 [TestNG-PoolService-2] [LogUtils] - Open URL: https://cms.anhtester.com/login
[INFO] 29-07-2024 20:23:15 [TestNG-PoolService-3] [LogUtils] - Open URL: https://cms.anhtester.com/login
[INFO] 29-07-2024 20:26:30 [TestNG-PoolService-6] [LogUtils] - Driver in TestContext: ChromeDriver: chrome on windows (43191f0d7921f0ea03e244f2cea6117a)
[INFO] 29-07-2024 20:26:30 [TestNG-PoolService-3] [LogUtils] - Driver in TestContext: ChromeDriver: chrome on windows (031cad2ea9775a57f3086d93fa859964)
[INFO] 29-07-2024 20:26:30 [TestNG-PoolService-5] [LogUtils] - Driver in TestContext: ChromeDriver: chrome on windows (5e9dba1e17fae132a22cc1449ad6d032)
[INFO] 29-07-2024 20:26:30 [TestNG-PoolService-4] [LogUtils] - Driver in TestContext: ChromeDriver: chrome on windows (e83dff1e9161dbc5219c378867c5dcaa)
[INFO] 29-07-2024 20:26:30 [TestNG-PoolService-1] [LogUtils] - Driver in TestContext: ChromeDriver: chrome on windows (5877ea655bf1346fb28b3a62b986b4d0)
[INFO] 29-07-2024 20:26:30 [TestNG-PoolService-2] [LogUtils] - Driver in TestContext: ChromeDriver: chrome on windows (25ba58cc2db445f363013eb4c81d5b9b)
[INFO] 29-07-2024 20:26:31 [TestNG-PoolService-1] [LogUtils] - Open URL: https://cms.anhtester.com/login
[INFO] 29-07-2024 20:26:31 [TestNG-PoolService-4] [LogUtils] - Open URL: https://cms.anhtester.com/login
[INFO] 29-07-2024 20:26:31 [TestNG-PoolService-6] [LogUtils] - Open URL: https://cms.anhtester.com/login
[INFO] 29-07-2024 20:26:31 [TestNG-PoolService-3] [LogUtils] - Open URL: https://cms.anhtester.com/login
[INFO] 29-07-2024 20:26:32 [TestNG-PoolService-4] [LogUtils] - Javascript in NOT Ready!
[INFO] 29-07-2024 20:26:32 [TestNG-PoolService-3] [LogUtils] - Javascript in NOT Ready!
[INFO] 29-07-2024 20:26:32 [TestNG-PoolService-1] [LogUtils] - Javascript in NOT Ready!
[INFO] 29-07-2024 20:26:32 [TestNG-PoolService-2] [LogUtils] - Open URL: https://cms.anhtester.com/login
[INFO] 29-07-2024 20:26:32 [TestNG-PoolService-6] [LogUtils] - Javascript in NOT Ready!
[INFO] 29-07-2024 20:26:32 [TestNG-PoolService-5] [LogUtils] - Open URL: https://cms.anhtester.com/login
[INFO] 29-07-2024 20:29:41 [TestNG-PoolService-5] [LogUtils] - Driver in TestContext: ChromeDriver: chrome on windows (9ef7527164e1a5430ba6fa05953a6896)
[INFO] 29-07-2024 20:29:41 [TestNG-PoolService-2] [LogUtils] - Driver in TestContext: ChromeDriver: chrome on windows (a45c732abbb76334e4b97f3336432837)
[INFO] 29-07-2024 20:29:41 [TestNG-PoolService-3] [LogUtils] - Driver in TestContext: ChromeDriver: chrome on windows (fe0469472b5a717b789bac2a086a822d)
[INFO] 29-07-2024 20:29:41 [TestNG-PoolService-6] [LogUtils] - Driver in TestContext: ChromeDriver: chrome on windows (72ef16ea537ad9d3fad85ad5ca1e6c23)
[INFO] 29-07-2024 20:29:41 [TestNG-PoolService-4] [LogUtils] - Driver in TestContext: ChromeDriver: chrome on windows (e1ffaec590efc34cacd506f4f1a449d8)
[INFO] 29-07-2024 20:29:41 [TestNG-PoolService-1] [LogUtils] - Driver in TestContext: ChromeDriver: chrome on windows (62ddc98eaf16f4f4106d6c03e65772b0)
[INFO] 29-07-2024 20:29:42 [TestNG-PoolService-3] [LogUtils] - Open URL: https://cms.anhtester.com/login
[INFO] 29-07-2024 20:29:42 [TestNG-PoolService-2] [LogUtils] - Open URL: https://cms.anhtester.com/login
[INFO] 29-07-2024 20:29:42 [TestNG-PoolService-1] [LogUtils] - Open URL: https://cms.anhtester.com/login
[INFO] 29-07-2024 20:29:42 [TestNG-PoolService-4] [LogUtils] - Open URL: https://cms.anhtester.com/login
[INFO] 29-07-2024 20:29:43 [TestNG-PoolService-5] [LogUtils] - Open URL: https://cms.anhtester.com/login
[INFO] 29-07-2024 20:29:43 [TestNG-PoolService-6] [LogUtils] - Open URL: https://cms.anhtester.com/login
[INFO] 29-07-2024 20:32:15 [TestNG-PoolService-2] [LogUtils] - Driver in TestContext: ChromeDriver: chrome on windows (655f2efc1726e46a81d7a8a6fce05082)
[INFO] 29-07-2024 20:32:15 [TestNG-PoolService-3] [LogUtils] - Driver in TestContext: ChromeDriver: chrome on windows (ef243cc387fe90bf8ba2defe3bf4205a)
[INFO] 29-07-2024 20:32:15 [TestNG-PoolService-1] [LogUtils] - Driver in TestContext: ChromeDriver: chrome on windows (8e79e836d338091fde351511a99831f8)
[INFO] 29-07-2024 20:32:15 [TestNG-PoolService-5] [LogUtils] - Driver in TestContext: ChromeDriver: chrome on windows (a4f59737c8fcfcfa1824f07645d74dbc)
[INFO] 29-07-2024 20:32:15 [TestNG-PoolService-6] [LogUtils] - Driver in TestContext: ChromeDriver: chrome on windows (fb403919cd2b4850797fa1fc4b03b5fc)
[INFO] 29-07-2024 20:32:15 [TestNG-PoolService-4] [LogUtils] - Driver in TestContext: ChromeDriver: chrome on windows (f24e3d9f563b1ca31e7a8629adea35b3)
[INFO] 29-07-2024 20:32:16 [TestNG-PoolService-1] [LogUtils] - Open URL: https://cms.anhtester.com/login
[INFO] 29-07-2024 20:32:16 [TestNG-PoolService-2] [LogUtils] - Open URL: https://cms.anhtester.com/login
[INFO] 29-07-2024 20:32:16 [TestNG-PoolService-4] [LogUtils] - Open URL: https://cms.anhtester.com/login
[INFO] 29-07-2024 20:32:16 [TestNG-PoolService-5] [LogUtils] - Open URL: https://cms.anhtester.com/login
[INFO] 29-07-2024 20:32:16 [TestNG-PoolService-6] [LogUtils] - Open URL: https://cms.anhtester.com/login
[INFO] 29-07-2024 20:32:16 [TestNG-PoolService-3] [LogUtils] - Open URL: https://cms.anhtester.com/login
[INFO] 29-07-2024 20:33:14 [TestNG-PoolService-4] [LogUtils] - Add new category
[INFO] 29-07-2024 20:33:14 [TestNG-PoolService-3] [LogUtils] - Add new category
[INFO] 29-07-2024 20:33:14 [TestNG-PoolService-1] [LogUtils] - Add new category
[INFO] 29-07-2024 20:33:14 [TestNG-PoolService-5] [LogUtils] - Add new category
[INFO] 29-07-2024 20:33:14 [TestNG-PoolService-2] [LogUtils] - Add new category
[INFO] 29-07-2024 20:33:14 [TestNG-PoolService-6] [LogUtils] - Add new category
[INFO] 29-07-2024 20:33:16 [TestNG-PoolService-3] [LogUtils] - Driver in TestContext: ChromeDriver: chrome on windows (fc0c424137dc110e1b937538d0872deb)
[INFO] 29-07-2024 20:33:17 [TestNG-PoolService-4] [LogUtils] - Driver in TestContext: ChromeDriver: chrome on windows (f64e903e223657f76aaebfe651dac1e5)
[INFO] 29-07-2024 20:33:17 [TestNG-PoolService-2] [LogUtils] - Driver in TestContext: ChromeDriver: chrome on windows (1f36b44023b7f1f1633761f0c5bb2200)
[INFO] 29-07-2024 20:33:17 [TestNG-PoolService-1] [LogUtils] - Driver in TestContext: ChromeDriver: chrome on windows (ef2507536a3ac463bb423646cb9a9543)
[INFO] 29-07-2024 20:33:17 [TestNG-PoolService-5] [LogUtils] - Driver in TestContext: ChromeDriver: chrome on windows (2dda2689b0b66941fb918152fd4ef624)
[INFO] 29-07-2024 20:33:17 [TestNG-PoolService-6] [LogUtils] - Driver in TestContext: ChromeDriver: chrome on windows (4e96b5cfdc9587eeca55812d6a8cdedb)
[INFO] 29-07-2024 20:33:17 [TestNG-PoolService-1] [LogUtils] - Open URL: https://cms.anhtester.com/login
[INFO] 29-07-2024 20:33:18 [TestNG-PoolService-3] [LogUtils] - Open URL: https://cms.anhtester.com/login
[INFO] 29-07-2024 20:33:18 [TestNG-PoolService-2] [LogUtils] - Open URL: https://cms.anhtester.com/login
[INFO] 29-07-2024 20:33:18 [TestNG-PoolService-4] [LogUtils] - Open URL: https://cms.anhtester.com/login
[INFO] 29-07-2024 20:33:18 [TestNG-PoolService-5] [LogUtils] - Open URL: https://cms.anhtester.com/login
[INFO] 29-07-2024 20:33:18 [TestNG-PoolService-1] [LogUtils] - Javascript in NOT Ready!
[INFO] 29-07-2024 20:33:18 [TestNG-PoolService-6] [LogUtils] - Open URL: https://cms.anhtester.com/login
[INFO] 29-07-2024 20:33:21 [TestNG-PoolService-2] [LogUtils] - Add new category
[INFO] 29-07-2024 20:33:21 [TestNG-PoolService-5] [LogUtils] - Add new category
[INFO] 29-07-2024 20:33:21 [TestNG-PoolService-3] [LogUtils] - Add new category
[INFO] 29-07-2024 20:33:21 [TestNG-PoolService-4] [LogUtils] - Add new category
[INFO] 29-07-2024 20:33:21 [TestNG-PoolService-1] [LogUtils] - Add new category
[INFO] 29-07-2024 20:33:21 [TestNG-PoolService-6] [LogUtils] - Add new category
[INFO] 29-07-2024 20:33:25 [TestNG-PoolService-3] [LogUtils] - Add new category
[INFO] 29-07-2024 20:33:25 [TestNG-PoolService-3] [LogUtils] - Add new category
[INFO] 29-07-2024 20:33:25 [TestNG-PoolService-3] [LogUtils] - Add new category
[INFO] 29-07-2024 20:33:25 [TestNG-PoolService-2] [LogUtils] - Add new category
[INFO] 29-07-2024 20:33:25 [TestNG-PoolService-1] [LogUtils] - Add new category
[INFO] 29-07-2024 20:33:25 [TestNG-PoolService-4] [LogUtils] - Add new category
[INFO] 29-07-2024 20:33:25 [TestNG-PoolService-6] [LogUtils] - Add new category
[INFO] 29-07-2024 20:33:25 [TestNG-PoolService-5] [LogUtils] - Add new category
[INFO] 29-07-2024 20:33:25 [TestNG-PoolService-3] [LogUtils] - Add new category
[INFO] 29-07-2024 20:33:25 [TestNG-PoolService-3] [LogUtils] - Add new category
[INFO] 29-07-2024 20:33:25 [TestNG-PoolService-3] [LogUtils] - Add new category
[INFO] 29-07-2024 20:33:25 [TestNG-PoolService-3] [LogUtils] - Add new category
[INFO] 29-07-2024 20:33:25 [TestNG-PoolService-2] [LogUtils] - Add new category
[INFO] 29-07-2024 20:33:25 [TestNG-PoolService-1] [LogUtils] - Add new category
[INFO] 29-07-2024 20:33:25 [TestNG-PoolService-2] [LogUtils] - Add new category
[INFO] 29-07-2024 20:33:25 [TestNG-PoolService-1] [LogUtils] - Add new category
[INFO] 29-07-2024 20:33:25 [TestNG-PoolService-4] [LogUtils] - Add new category
[INFO] 29-07-2024 20:33:25 [TestNG-PoolService-4] [LogUtils] - Add new category
[INFO] 29-07-2024 20:33:25 [TestNG-PoolService-5] [LogUtils] - Add new category
[INFO] 29-07-2024 20:33:25 [TestNG-PoolService-5] [LogUtils] - Add new category
[INFO] 29-07-2024 20:33:25 [TestNG-PoolService-6] [LogUtils] - Add new category
[INFO] 29-07-2024 20:33:25 [TestNG-PoolService-6] [LogUtils] - Add new category
[INFO] 29-07-2024 20:33:25 [TestNG-PoolService-1] [LogUtils] - Add new category
[INFO] 29-07-2024 20:33:25 [TestNG-PoolService-1] [LogUtils] - Add new category
[INFO] 29-07-2024 20:33:25 [TestNG-PoolService-1] [LogUtils] - Add new category
[INFO] 29-07-2024 20:33:25 [TestNG-PoolService-2] [LogUtils] - Add new category
[INFO] 29-07-2024 20:33:25 [TestNG-PoolService-1] [LogUtils] - Add new category
[INFO] 29-07-2024 20:33:25 [TestNG-PoolService-2] [LogUtils] - Add new category
[INFO] 29-07-2024 20:33:25 [TestNG-PoolService-2] [LogUtils] - Add new category
[INFO] 29-07-2024 20:33:25 [TestNG-PoolService-2] [LogUtils] - Add new category
[INFO] 29-07-2024 20:33:26 [TestNG-PoolService-4] [LogUtils] - Add new category
[INFO] 29-07-2024 20:33:26 [TestNG-PoolService-4] [LogUtils] - Add new category
[INFO] 29-07-2024 20:33:26 [TestNG-PoolService-4] [LogUtils] - Add new category
[INFO] 29-07-2024 20:33:26 [TestNG-PoolService-4] [LogUtils] - Add new category
[INFO] 29-07-2024 20:33:26 [TestNG-PoolService-3] [LogUtils] - Add new category
[INFO] 29-07-2024 20:33:26 [TestNG-PoolService-5] [LogUtils] - Add new category
[INFO] 29-07-2024 20:33:26 [TestNG-PoolService-5] [LogUtils] - Add new category
[INFO] 29-07-2024 20:33:26 [TestNG-PoolService-5] [LogUtils] - Add new category
[INFO] 29-07-2024 20:33:26 [TestNG-PoolService-5] [LogUtils] - Add new category
[INFO] 29-07-2024 20:33:26 [TestNG-PoolService-6] [LogUtils] - Add new category
[INFO] 29-07-2024 20:33:26 [TestNG-PoolService-6] [LogUtils] - Add new category
[INFO] 29-07-2024 20:33:26 [TestNG-PoolService-6] [LogUtils] - Add new category
[INFO] 29-07-2024 20:33:26 [TestNG-PoolService-6] [LogUtils] - Add new category
[INFO] 29-07-2024 20:33:26 [TestNG-PoolService-2] [LogUtils] - Add new category
[INFO] 29-07-2024 20:33:26 [TestNG-PoolService-1] [LogUtils] - Add new category
[INFO] 29-07-2024 20:33:26 [TestNG-PoolService-4] [LogUtils] - Add new category
[INFO] 29-07-2024 20:33:26 [TestNG-PoolService-5] [LogUtils] - Add new category
[INFO] 29-07-2024 20:33:26 [TestNG-PoolService-6] [LogUtils] - Add new category
[INFO] 29-07-2024 20:33:26 [TestNG-PoolService-5] [LogUtils] - Add new category
[INFO] 29-07-2024 20:33:26 [TestNG-PoolService-4] [LogUtils] - Add new category
[INFO] 29-07-2024 20:33:26 [TestNG-PoolService-2] [LogUtils] - Add new category
[INFO] 29-07-2024 20:33:26 [TestNG-PoolService-5] [LogUtils] - Add new category
[INFO] 29-07-2024 20:33:26 [TestNG-PoolService-4] [LogUtils] - Add new category
[INFO] 29-07-2024 20:33:26 [TestNG-PoolService-2] [LogUtils] - Add new category
[INFO] 29-07-2024 20:33:26 [TestNG-PoolService-6] [LogUtils] - Add new category
[INFO] 29-07-2024 20:33:26 [TestNG-PoolService-6] [LogUtils] - Add new category
[INFO] 29-07-2024 20:33:27 [TestNG-PoolService-1] [LogUtils] - Add new category
[INFO] 29-07-2024 20:33:27 [TestNG-PoolService-3] [LogUtils] - Add new category
[INFO] 29-07-2024 20:33:27 [TestNG-PoolService-1] [LogUtils] - Add new category
[INFO] 29-07-2024 20:33:27 [TestNG-PoolService-3] [LogUtils] - Add new category
[INFO] 29-07-2024 20:33:29 [TestNG-PoolService-5] [LogUtils] - Add new category
[INFO] 29-07-2024 20:33:29 [TestNG-PoolService-6] [LogUtils] - Add new category
[INFO] 29-07-2024 20:33:29 [TestNG-PoolService-4] [LogUtils] - Add new category
[INFO] 29-07-2024 20:33:29 [TestNG-PoolService-2] [LogUtils] - Add new category
[INFO] 29-07-2024 20:33:30 [TestNG-PoolService-3] [LogUtils] - Add new category
[INFO] 29-07-2024 20:33:36 [TestNG-PoolService-1] [LogUtils] - Add new category
[INFO] 29-07-2024 20:33:52 [TestNG-PoolService-6] [LogUtils] - Add new category
[INFO] 29-07-2024 20:33:52 [TestNG-PoolService-4] [LogUtils] - Add new category
[INFO] 29-07-2024 20:33:52 [TestNG-PoolService-1] [LogUtils] - Add new category
[INFO] 29-07-2024 20:33:52 [TestNG-PoolService-3] [LogUtils] - Add new category
[INFO] 29-07-2024 20:33:52 [TestNG-PoolService-2] [LogUtils] - Add new category
[INFO] 29-07-2024 20:33:52 [TestNG-PoolService-5] [LogUtils] - Add new category
[INFO] 29-07-2024 20:33:55 [TestNG-PoolService-2] [LogUtils] - Driver in TestContext: ChromeDriver: chrome on windows (ee778b1a164ec1832821559ef4b1b7b1)
[INFO] 29-07-2024 20:33:55 [TestNG-PoolService-3] [LogUtils] - Driver in TestContext: ChromeDriver: chrome on windows (5a2e407192416dc59de6b8e2a7eb53d7)
[INFO] 29-07-2024 20:33:55 [TestNG-PoolService-4] [LogUtils] - Driver in TestContext: ChromeDriver: chrome on windows (ceaf03953c029637075f429306f7a201)
[INFO] 29-07-2024 20:33:55 [TestNG-PoolService-6] [LogUtils] - Driver in TestContext: ChromeDriver: chrome on windows (2b7eb4a53d5aea540760abdde8a1dc63)
[INFO] 29-07-2024 20:33:55 [TestNG-PoolService-1] [LogUtils] - Driver in TestContext: ChromeDriver: chrome on windows (e2c6bac21dd8b840552af1aff41dcb63)
[INFO] 29-07-2024 20:33:55 [TestNG-PoolService-5] [LogUtils] - Driver in TestContext: ChromeDriver: chrome on windows (6256e2c0cdfcb1f1818ac4dec0bbef8c)
[INFO] 29-07-2024 20:33:56 [TestNG-PoolService-6] [LogUtils] - Open URL: https://cms.anhtester.com/login
[INFO] 29-07-2024 20:33:56 [TestNG-PoolService-1] [LogUtils] - Open URL: https://cms.anhtester.com/login
[INFO] 29-07-2024 20:33:57 [TestNG-PoolService-2] [LogUtils] - Open URL: https://cms.anhtester.com/login
[INFO] 29-07-2024 20:33:57 [TestNG-PoolService-3] [LogUtils] - Open URL: https://cms.anhtester.com/login
[INFO] 29-07-2024 20:33:57 [TestNG-PoolService-4] [LogUtils] - Open URL: https://cms.anhtester.com/login
[INFO] 29-07-2024 20:33:57 [TestNG-PoolService-1] [LogUtils] - Javascript in NOT Ready!
[INFO] 29-07-2024 20:33:57 [TestNG-PoolService-5] [LogUtils] - Open URL: https://cms.anhtester.com/login
[INFO] 29-07-2024 20:33:59 [TestNG-PoolService-2] [LogUtils] - Add new category
[INFO] 29-07-2024 20:33:59 [TestNG-PoolService-4] [LogUtils] - Add new category
[INFO] 29-07-2024 20:33:59 [TestNG-PoolService-3] [LogUtils] - Add new category
[INFO] 29-07-2024 20:34:00 [TestNG-PoolService-5] [LogUtils] - Add new category
[INFO] 29-07-2024 20:34:00 [TestNG-PoolService-6] [LogUtils] - Add new category
[INFO] 29-07-2024 20:34:00 [TestNG-PoolService-1] [LogUtils] - Add new category
[INFO] 29-07-2024 20:34:04 [TestNG-PoolService-2] [LogUtils] - Add new category
[INFO] 29-07-2024 20:34:04 [TestNG-PoolService-5] [LogUtils] - Add new category
[INFO] 29-07-2024 20:34:04 [TestNG-PoolService-3] [LogUtils] - Add new category
[INFO] 29-07-2024 20:34:04 [TestNG-PoolService-4] [LogUtils] - Add new category
[INFO] 29-07-2024 20:34:04 [TestNG-PoolService-1] [LogUtils] - Add new category
[INFO] 29-07-2024 20:34:04 [TestNG-PoolService-6] [LogUtils] - Add new category
[INFO] 29-07-2024 20:34:04 [TestNG-PoolService-2] [LogUtils] - Add new category
[INFO] 29-07-2024 20:34:04 [TestNG-PoolService-2] [LogUtils] - Add new category
[INFO] 29-07-2024 20:34:05 [TestNG-PoolService-5] [LogUtils] - Add new category
[INFO] 29-07-2024 20:34:05 [TestNG-PoolService-5] [LogUtils] - Add new category
[INFO] 29-07-2024 20:34:05 [TestNG-PoolService-3] [LogUtils] - Add new category
[INFO] 29-07-2024 20:34:05 [TestNG-PoolService-3] [LogUtils] - Add new category
[INFO] 29-07-2024 20:34:05 [TestNG-PoolService-1] [LogUtils] - Add new category
[INFO] 29-07-2024 20:34:05 [TestNG-PoolService-1] [LogUtils] - Add new category
[INFO] 29-07-2024 20:34:05 [TestNG-PoolService-2] [LogUtils] - Add new category
[INFO] 29-07-2024 20:34:05 [TestNG-PoolService-2] [LogUtils] - Add new category
[INFO] 29-07-2024 20:34:05 [TestNG-PoolService-2] [LogUtils] - Add new category
[INFO] 29-07-2024 20:34:05 [TestNG-PoolService-2] [LogUtils] - Add new category
[INFO] 29-07-2024 20:34:05 [TestNG-PoolService-4] [LogUtils] - Add new category
[INFO] 29-07-2024 20:34:05 [TestNG-PoolService-4] [LogUtils] - Add new category
[INFO] 29-07-2024 20:34:05 [TestNG-PoolService-6] [LogUtils] - Add new category
[INFO] 29-07-2024 20:34:05 [TestNG-PoolService-6] [LogUtils] - Add new category
[INFO] 29-07-2024 20:34:05 [TestNG-PoolService-5] [LogUtils] - Add new category
[INFO] 29-07-2024 20:34:05 [TestNG-PoolService-5] [LogUtils] - Add new category
[INFO] 29-07-2024 20:34:05 [TestNG-PoolService-5] [LogUtils] - Add new category
[INFO] 29-07-2024 20:34:05 [TestNG-PoolService-3] [LogUtils] - Add new category
[INFO] 29-07-2024 20:34:05 [TestNG-PoolService-3] [LogUtils] - Add new category
[INFO] 29-07-2024 20:34:05 [TestNG-PoolService-5] [LogUtils] - Add new category
[INFO] 29-07-2024 20:34:05 [TestNG-PoolService-3] [LogUtils] - Add new category
[INFO] 29-07-2024 20:34:05 [TestNG-PoolService-3] [LogUtils] - Add new category
[INFO] 29-07-2024 20:34:05 [TestNG-PoolService-1] [LogUtils] - Add new category
[INFO] 29-07-2024 20:34:05 [TestNG-PoolService-1] [LogUtils] - Add new category
[INFO] 29-07-2024 20:34:05 [TestNG-PoolService-1] [LogUtils] - Add new category
[INFO] 29-07-2024 20:34:05 [TestNG-PoolService-1] [LogUtils] - Add new category
[INFO] 29-07-2024 20:34:05 [TestNG-PoolService-4] [LogUtils] - Add new category
[INFO] 29-07-2024 20:34:05 [TestNG-PoolService-4] [LogUtils] - Add new category
[INFO] 29-07-2024 20:34:05 [TestNG-PoolService-6] [LogUtils] - Add new category
[INFO] 29-07-2024 20:34:05 [TestNG-PoolService-4] [LogUtils] - Add new category
[INFO] 29-07-2024 20:34:05 [TestNG-PoolService-6] [LogUtils] - Add new category
[INFO] 29-07-2024 20:34:05 [TestNG-PoolService-6] [LogUtils] - Add new category
[INFO] 29-07-2024 20:34:05 [TestNG-PoolService-4] [LogUtils] - Add new category
[INFO] 29-07-2024 20:34:05 [TestNG-PoolService-6] [LogUtils] - Add new category
[INFO] 29-07-2024 20:34:05 [TestNG-PoolService-2] [LogUtils] - Add new category
[INFO] 29-07-2024 20:34:05 [TestNG-PoolService-4] [LogUtils] - Add new category
[INFO] 29-07-2024 20:34:05 [TestNG-PoolService-3] [LogUtils] - Add new category
[INFO] 29-07-2024 20:34:05 [TestNG-PoolService-5] [LogUtils] - Add new category
[INFO] 29-07-2024 20:34:05 [TestNG-PoolService-6] [LogUtils] - Add new category
[INFO] 29-07-2024 20:34:05 [TestNG-PoolService-1] [LogUtils] - Add new category
[INFO] 29-07-2024 20:34:05 [TestNG-PoolService-5] [LogUtils] - Add new category
[INFO] 29-07-2024 20:34:05 [TestNG-PoolService-5] [LogUtils] - Add new category
[INFO] 29-07-2024 20:34:05 [TestNG-PoolService-4] [LogUtils] - Add new category
[INFO] 29-07-2024 20:34:05 [TestNG-PoolService-3] [LogUtils] - Add new category
[INFO] 29-07-2024 20:34:05 [TestNG-PoolService-4] [LogUtils] - Add new category
[INFO] 29-07-2024 20:34:05 [TestNG-PoolService-3] [LogUtils] - Add new category
[INFO] 29-07-2024 20:34:05 [TestNG-PoolService-6] [LogUtils] - Add new category
[INFO] 29-07-2024 20:34:05 [TestNG-PoolService-6] [LogUtils] - Add new category
[INFO] 29-07-2024 20:34:05 [TestNG-PoolService-1] [LogUtils] - Add new category
[INFO] 29-07-2024 20:34:05 [TestNG-PoolService-1] [LogUtils] - Add new category
[INFO] 29-07-2024 20:34:05 [TestNG-PoolService-2] [LogUtils] - Add new category
[INFO] 29-07-2024 20:34:05 [TestNG-PoolService-2] [LogUtils] - Add new category
[INFO] 29-07-2024 20:34:06 [TestNG-PoolService-1] [LogUtils] - Add new category
[INFO] 29-07-2024 20:34:06 [TestNG-PoolService-5] [LogUtils] - Add new category
[INFO] 29-07-2024 20:34:07 [TestNG-PoolService-4] [LogUtils] - Add new category
[INFO] 29-07-2024 20:34:07 [TestNG-PoolService-6] [LogUtils] - Add new category
[INFO] 29-07-2024 20:34:07 [TestNG-PoolService-3] [LogUtils] - Add new category
[INFO] 29-07-2024 20:34:07 [TestNG-PoolService-2] [LogUtils] - Add new category
[INFO] 29-07-2024 20:37:02 [TestNG-PoolService-1] [LogUtils] - Add new category
[INFO] 29-07-2024 20:37:02 [TestNG-PoolService-4] [LogUtils] - Add new category
[INFO] 29-07-2024 20:37:02 [TestNG-PoolService-6] [LogUtils] - Add new category
[INFO] 29-07-2024 20:37:02 [TestNG-PoolService-3] [LogUtils] - Add new category
[INFO] 29-07-2024 20:37:02 [TestNG-PoolService-5] [LogUtils] - Add new category
[INFO] 29-07-2024 20:37:02 [TestNG-PoolService-2] [LogUtils] - Add new category
[INFO] 29-07-2024 20:37:04 [TestNG-PoolService-6] [LogUtils] - Driver in TestContext: ChromeDriver: chrome on windows (0f85551783640e7124454f837eb55628)
[INFO] 29-07-2024 20:37:04 [TestNG-PoolService-3] [LogUtils] - Driver in TestContext: ChromeDriver: chrome on windows (4cf3638f475e184b7462311da5f3e781)
[INFO] 29-07-2024 20:37:04 [TestNG-PoolService-2] [LogUtils] - Driver in TestContext: ChromeDriver: chrome on windows (359f2ce25893c7b8760aa903ee944241)
[INFO] 29-07-2024 20:37:04 [TestNG-PoolService-5] [LogUtils] - Driver in TestContext: ChromeDriver: chrome on windows (cb1d06e23d6aa9a26bfa72d627b59a44)
[INFO] 29-07-2024 20:37:04 [TestNG-PoolService-4] [LogUtils] - Driver in TestContext: ChromeDriver: chrome on windows (308620b12d1a92d6b5843fa934accb39)
[INFO] 29-07-2024 20:37:04 [TestNG-PoolService-1] [LogUtils] - Driver in TestContext: ChromeDriver: chrome on windows (0da9563efc17721536d75439406f54d8)
[INFO] 29-07-2024 20:37:05 [TestNG-PoolService-1] [LogUtils] - Open URL: https://cms.anhtester.com/login
[INFO] 29-07-2024 20:37:06 [TestNG-PoolService-6] [LogUtils] - Open URL: https://cms.anhtester.com/login
[INFO] 29-07-2024 20:37:06 [TestNG-PoolService-3] [LogUtils] - Open URL: https://cms.anhtester.com/login
[INFO] 29-07-2024 20:37:06 [TestNG-PoolService-5] [LogUtils] - Open URL: https://cms.anhtester.com/login
[INFO] 29-07-2024 20:37:06 [TestNG-PoolService-2] [LogUtils] - Open URL: https://cms.anhtester.com/login
[INFO] 29-07-2024 20:37:06 [TestNG-PoolService-4] [LogUtils] - Open URL: https://cms.anhtester.com/login
[INFO] 29-07-2024 20:37:08 [TestNG-PoolService-6] [LogUtils] - Add new category
[INFO] 29-07-2024 20:37:08 [TestNG-PoolService-3] [LogUtils] - Add new category
[INFO] 29-07-2024 20:37:08 [TestNG-PoolService-1] [LogUtils] - Add new category
[INFO] 29-07-2024 20:37:08 [TestNG-PoolService-5] [LogUtils] - Add new category
[INFO] 29-07-2024 20:37:09 [TestNG-PoolService-2] [LogUtils] - Add new category
[INFO] 29-07-2024 20:37:10 [TestNG-PoolService-4] [LogUtils] - Add new category
[INFO] 29-07-2024 20:37:13 [TestNG-PoolService-6] [LogUtils] - Add new category
[INFO] 29-07-2024 20:37:13 [TestNG-PoolService-6] [LogUtils] - Add new category
[INFO] 29-07-2024 20:37:13 [TestNG-PoolService-6] [LogUtils] - Add new category
[INFO] 29-07-2024 20:37:13 [TestNG-PoolService-2] [LogUtils] - Add new category
[INFO] 29-07-2024 20:37:13 [TestNG-PoolService-3] [LogUtils] - Add new category
[INFO] 29-07-2024 20:37:13 [TestNG-PoolService-1] [LogUtils] - Add new category
[INFO] 29-07-2024 20:37:13 [TestNG-PoolService-6] [LogUtils] - Add new category
[INFO] 29-07-2024 20:37:13 [TestNG-PoolService-6] [LogUtils] - Add new category
[INFO] 29-07-2024 20:37:13 [TestNG-PoolService-6] [LogUtils] - Add new category
[INFO] 29-07-2024 20:37:13 [TestNG-PoolService-6] [LogUtils] - Add new category
[INFO] 29-07-2024 20:37:13 [TestNG-PoolService-5] [LogUtils] - Add new category
[INFO] 29-07-2024 20:37:13 [TestNG-PoolService-4] [LogUtils] - Add new category
[INFO] 29-07-2024 20:37:13 [TestNG-PoolService-2] [LogUtils] - Add new category
[INFO] 29-07-2024 20:37:13 [TestNG-PoolService-2] [LogUtils] - Add new category
[INFO] 29-07-2024 20:37:13 [TestNG-PoolService-1] [LogUtils] - Add new category
[INFO] 29-07-2024 20:37:13 [TestNG-PoolService-1] [LogUtils] - Add new category
[INFO] 29-07-2024 20:37:13 [TestNG-PoolService-3] [LogUtils] - Add new category
[INFO] 29-07-2024 20:37:13 [TestNG-PoolService-3] [LogUtils] - Add new category
[INFO] 29-07-2024 20:37:13 [TestNG-PoolService-5] [LogUtils] - Add new category
[INFO] 29-07-2024 20:37:13 [TestNG-PoolService-5] [LogUtils] - Add new category
[INFO] 29-07-2024 20:37:13 [TestNG-PoolService-6] [LogUtils] - Add new category
[INFO] 29-07-2024 20:37:13 [TestNG-PoolService-4] [LogUtils] - Add new category
[INFO] 29-07-2024 20:37:13 [TestNG-PoolService-2] [LogUtils] - Add new category
[INFO] 29-07-2024 20:37:13 [TestNG-PoolService-4] [LogUtils] - Add new category
[INFO] 29-07-2024 20:37:13 [TestNG-PoolService-2] [LogUtils] - Add new category
[INFO] 29-07-2024 20:37:13 [TestNG-PoolService-2] [LogUtils] - Add new category
[INFO] 29-07-2024 20:37:13 [TestNG-PoolService-2] [LogUtils] - Add new category
[INFO] 29-07-2024 20:37:13 [TestNG-PoolService-1] [LogUtils] - Add new category
[INFO] 29-07-2024 20:37:13 [TestNG-PoolService-3] [LogUtils] - Add new category
[INFO] 29-07-2024 20:37:13 [TestNG-PoolService-1] [LogUtils] - Add new category
[INFO] 29-07-2024 20:37:13 [TestNG-PoolService-3] [LogUtils] - Add new category
[INFO] 29-07-2024 20:37:14 [TestNG-PoolService-1] [LogUtils] - Add new category
[INFO] 29-07-2024 20:37:14 [TestNG-PoolService-3] [LogUtils] - Add new category
[INFO] 29-07-2024 20:37:14 [TestNG-PoolService-1] [LogUtils] - Add new category
[INFO] 29-07-2024 20:37:14 [TestNG-PoolService-3] [LogUtils] - Add new category
[INFO] 29-07-2024 20:37:14 [TestNG-PoolService-5] [LogUtils] - Add new category
[INFO] 29-07-2024 20:37:14 [TestNG-PoolService-5] [LogUtils] - Add new category
[INFO] 29-07-2024 20:37:14 [TestNG-PoolService-5] [LogUtils] - Add new category
[INFO] 29-07-2024 20:37:14 [TestNG-PoolService-5] [LogUtils] - Add new category
[INFO] 29-07-2024 20:37:14 [TestNG-PoolService-4] [LogUtils] - Add new category
[INFO] 29-07-2024 20:37:14 [TestNG-PoolService-4] [LogUtils] - Add new category
[INFO] 29-07-2024 20:37:14 [TestNG-PoolService-4] [LogUtils] - Add new category
[INFO] 29-07-2024 20:37:14 [TestNG-PoolService-4] [LogUtils] - Add new category
[INFO] 29-07-2024 20:37:14 [TestNG-PoolService-6] [LogUtils] - Add new category
[INFO] 29-07-2024 20:37:14 [TestNG-PoolService-6] [LogUtils] - Add new category
[INFO] 29-07-2024 20:37:14 [TestNG-PoolService-2] [LogUtils] - Add new category
[INFO] 29-07-2024 20:37:14 [TestNG-PoolService-3] [LogUtils] - Add new category
[INFO] 29-07-2024 20:37:14 [TestNG-PoolService-1] [LogUtils] - Add new category
[INFO] 29-07-2024 20:37:14 [TestNG-PoolService-4] [LogUtils] - Add new category
[INFO] 29-07-2024 20:37:14 [TestNG-PoolService-5] [LogUtils] - Add new category
[INFO] 29-07-2024 20:37:14 [TestNG-PoolService-2] [LogUtils] - Add new category
[INFO] 29-07-2024 20:37:14 [TestNG-PoolService-2] [LogUtils] - Add new category
[INFO] 29-07-2024 20:37:14 [TestNG-PoolService-3] [LogUtils] - Add new category
[INFO] 29-07-2024 20:37:14 [TestNG-PoolService-3] [LogUtils] - Add new category
[INFO] 29-07-2024 20:37:14 [TestNG-PoolService-5] [LogUtils] - Add new category
[INFO] 29-07-2024 20:37:14 [TestNG-PoolService-5] [LogUtils] - Add new category
[INFO] 29-07-2024 20:37:14 [TestNG-PoolService-1] [LogUtils] - Add new category
[INFO] 29-07-2024 20:37:14 [TestNG-PoolService-1] [LogUtils] - Add new category
[INFO] 29-07-2024 20:37:14 [TestNG-PoolService-4] [LogUtils] - Add new category
[INFO] 29-07-2024 20:37:14 [TestNG-PoolService-4] [LogUtils] - Add new category
[INFO] 29-07-2024 20:37:14 [TestNG-PoolService-1] [LogUtils] - Add new category
[INFO] 29-07-2024 20:37:15 [TestNG-PoolService-6] [LogUtils] - Add new category
[INFO] 29-07-2024 20:37:15 [TestNG-PoolService-2] [LogUtils] - Add new category
[INFO] 29-07-2024 20:37:15 [TestNG-PoolService-5] [LogUtils] - Add new category
[INFO] 29-07-2024 20:37:15 [TestNG-PoolService-3] [LogUtils] - Add new category
[INFO] 29-07-2024 20:37:15 [TestNG-PoolService-4] [LogUtils] - Add new category
[INFO] 29-07-2024 20:37:41 [main] [LogUtils] - Add new category
[INFO] 29-07-2024 20:37:42 [main] [LogUtils] - Driver in TestContext: ChromeDriver: chrome on windows (47d41408dcadfed00598dd94d53264ab)
[INFO] 29-07-2024 20:37:43 [main] [LogUtils] - Open URL: https://cms.anhtester.com/login
[INFO] 29-07-2024 20:37:44 [main] [LogUtils] - Add new category
[INFO] 29-07-2024 20:37:46 [main] [LogUtils] - Add new category
[INFO] 29-07-2024 20:37:47 [main] [LogUtils] - Add new category
[INFO] 29-07-2024 20:37:47 [main] [LogUtils] - Add new category
[INFO] 29-07-2024 20:37:47 [main] [LogUtils] - Add new category
[INFO] 29-07-2024 20:37:47 [main] [LogUtils] - Add new category
[INFO] 29-07-2024 20:37:47 [main] [LogUtils] - Add new category
[INFO] 29-07-2024 20:37:47 [main] [LogUtils] - Add new category
[INFO] 29-07-2024 20:37:47 [main] [LogUtils] - Add new category
[INFO] 29-07-2024 20:37:47 [main] [LogUtils] - Add new category
[INFO] 29-07-2024 20:37:47 [main] [LogUtils] - Add new category
[INFO] 29-07-2024 20:37:47 [main] [LogUtils] - Add new category
[INFO] 29-07-2024 20:37:47 [main] [LogUtils] - Add new category
[INFO] 29-07-2024 20:37:48 [main] [LogUtils] - Driver in TestContext: ChromeDriver: chrome on windows (842c2e8e270452c7fc4f2e11981166bf)
[INFO] 29-07-2024 20:37:48 [main] [LogUtils] - Open URL: https://cms.anhtester.com/login
[INFO] 29-07-2024 20:37:50 [main] [LogUtils] - Add new category
[INFO] 29-07-2024 20:37:52 [main] [LogUtils] - Add new category
[INFO] 29-07-2024 20:37:52 [main] [LogUtils] - Add new category
[INFO] 29-07-2024 20:37:52 [main] [LogUtils] - Add new category
[INFO] 29-07-2024 20:37:52 [main] [LogUtils] - Add new category
[INFO] 29-07-2024 20:37:52 [main] [LogUtils] - Add new category
[INFO] 29-07-2024 20:37:52 [main] [LogUtils] - Add new category
[INFO] 29-07-2024 20:37:52 [main] [LogUtils] - Add new category
[INFO] 29-07-2024 20:37:52 [main] [LogUtils] - Add new category
[INFO] 29-07-2024 20:37:52 [main] [LogUtils] - Add new category
[INFO] 29-07-2024 20:37:52 [main] [LogUtils] - Add new category
[INFO] 29-07-2024 20:37:53 [main] [LogUtils] - Add new category
[INFO] 29-07-2024 20:37:53 [main] [LogUtils] - Add new category
[INFO] 29-07-2024 20:37:54 [main] [LogUtils] - Driver in TestContext: ChromeDriver: chrome on windows (b29dab6834ec58c0f8396f82cbe804c0)
[INFO] 29-07-2024 20:37:55 [main] [LogUtils] - Open URL: https://cms.anhtester.com/login
[INFO] 29-07-2024 20:37:56 [main] [LogUtils] - Add new category
[INFO] 29-07-2024 20:37:58 [main] [LogUtils] - Add new category
[INFO] 29-07-2024 20:37:58 [main] [LogUtils] - Add new category
[INFO] 29-07-2024 20:37:58 [main] [LogUtils] - Add new category
[INFO] 29-07-2024 20:37:58 [main] [LogUtils] - Add new category
[INFO] 29-07-2024 20:37:58 [main] [LogUtils] - Add new category
[INFO] 29-07-2024 20:37:58 [main] [LogUtils] - Add new category
[INFO] 29-07-2024 20:37:58 [main] [LogUtils] - Add new category
[INFO] 29-07-2024 20:37:58 [main] [LogUtils] - Add new category
[INFO] 29-07-2024 20:37:59 [main] [LogUtils] - Add new category
[INFO] 29-07-2024 20:37:59 [main] [LogUtils] - Add new category
[INFO] 29-07-2024 20:37:59 [main] [LogUtils] - Add new category
[INFO] 29-07-2024 20:38:00 [main] [LogUtils] - Add new category
[INFO] 29-07-2024 20:38:01 [main] [LogUtils] - Driver in TestContext: ChromeDriver: chrome on windows (4ce5207c563c5a4b9d26b1e6679f1280)
[INFO] 29-07-2024 20:38:01 [main] [LogUtils] - Open URL: https://cms.anhtester.com/login
[INFO] 29-07-2024 20:38:03 [main] [LogUtils] - Add new category
[INFO] 29-07-2024 20:38:05 [main] [LogUtils] - Add new category
[INFO] 29-07-2024 20:38:06 [main] [LogUtils] - Add new category
[INFO] 29-07-2024 20:38:06 [main] [LogUtils] - Add new category
[INFO] 29-07-2024 20:38:06 [main] [LogUtils] - Add new category
[INFO] 29-07-2024 20:38:06 [main] [LogUtils] - Add new category
[INFO] 29-07-2024 20:38:06 [main] [LogUtils] - Add new category
[INFO] 29-07-2024 20:38:06 [main] [LogUtils] - Add new category
[INFO] 29-07-2024 20:38:06 [main] [LogUtils] - Add new category
[INFO] 29-07-2024 20:38:06 [main] [LogUtils] - Add new category
[INFO] 29-07-2024 20:38:06 [main] [LogUtils] - Add new category
[INFO] 29-07-2024 20:38:08 [main] [LogUtils] - Add new category
[INFO] 29-07-2024 20:38:08 [main] [LogUtils] - Add new category
[INFO] 29-07-2024 20:38:09 [main] [LogUtils] - Driver in TestContext: ChromeDriver: chrome on windows (dea9fc71a031c8fdc6aac9202ad3a84a)
[INFO] 29-07-2024 20:38:10 [main] [LogUtils] - Open URL: https://cms.anhtester.com/login
[INFO] 29-07-2024 20:38:11 [main] [LogUtils] - Add new category
[INFO] 29-07-2024 20:38:14 [main] [LogUtils] - Add new category
[INFO] 29-07-2024 20:38:14 [main] [LogUtils] - Add new category
[INFO] 29-07-2024 20:38:14 [main] [LogUtils] - Add new category
[INFO] 29-07-2024 20:38:14 [main] [LogUtils] - Add new category
[INFO] 29-07-2024 20:38:14 [main] [LogUtils] - Add new category
[INFO] 29-07-2024 20:38:14 [main] [LogUtils] - Add new category
[INFO] 29-07-2024 20:38:14 [main] [LogUtils] - Add new category
[INFO] 29-07-2024 20:38:14 [main] [LogUtils] - Add new category
[INFO] 29-07-2024 20:38:14 [main] [LogUtils] - Add new category
[INFO] 29-07-2024 20:38:14 [main] [LogUtils] - Add new category
[INFO] 29-07-2024 20:38:15 [main] [LogUtils] - Add new category
[INFO] 29-07-2024 20:38:15 [main] [LogUtils] - Add new category
[INFO] 29-07-2024 20:38:16 [main] [LogUtils] - Driver in TestContext: ChromeDriver: chrome on windows (64940e27d655fd94180f95b051a4e38d)
[INFO] 29-07-2024 20:38:17 [main] [LogUtils] - Open URL: https://cms.anhtester.com/login
[INFO] 29-07-2024 20:38:18 [main] [LogUtils] - Add new category
[INFO] 29-07-2024 20:38:20 [main] [LogUtils] - Add new category
[INFO] 29-07-2024 20:38:20 [main] [LogUtils] - Add new category
[INFO] 29-07-2024 20:38:20 [main] [LogUtils] - Add new category
[INFO] 29-07-2024 20:38:20 [main] [LogUtils] - Add new category
[INFO] 29-07-2024 20:38:20 [main] [LogUtils] - Add new category
[INFO] 29-07-2024 20:38:20 [main] [LogUtils] - Add new category
[INFO] 29-07-2024 20:38:20 [main] [LogUtils] - Add new category
[INFO] 29-07-2024 20:38:20 [main] [LogUtils] - Add new category
[INFO] 29-07-2024 20:38:21 [main] [LogUtils] - Add new category
[INFO] 29-07-2024 20:38:21 [main] [LogUtils] - Add new category
[INFO] 29-07-2024 20:38:22 [main] [LogUtils] - Add new category
[INFO] 29-07-2024 20:39:06 [main] [LogUtils] - Add new category
[INFO] 29-07-2024 20:39:08 [main] [LogUtils] - Driver in TestContext: ChromeDriver: chrome on windows (7e5f014d353fbab77d985ffe6a1da6cb)
[INFO] 29-07-2024 20:39:08 [main] [LogUtils] - Open URL: https://cms.anhtester.com/login
[INFO] 29-07-2024 20:39:11 [main] [LogUtils] - Add new category
[INFO] 29-07-2024 20:39:13 [main] [LogUtils] - Add new category
[INFO] 29-07-2024 20:39:13 [main] [LogUtils] - Add new category
[INFO] 29-07-2024 20:39:13 [main] [LogUtils] - Add new category
[INFO] 29-07-2024 20:39:14 [main] [LogUtils] - Add new category
[INFO] 29-07-2024 20:39:14 [main] [LogUtils] - Add new category
[INFO] 29-07-2024 20:39:14 [main] [LogUtils] - Add new category
[INFO] 29-07-2024 20:39:14 [main] [LogUtils] - Add new category
[INFO] 29-07-2024 20:39:14 [main] [LogUtils] - Add new category
[INFO] 29-07-2024 20:39:14 [main] [LogUtils] - Add new category
[INFO] 29-07-2024 20:39:14 [main] [LogUtils] - Add new category
[INFO] 29-07-2024 20:39:14 [main] [LogUtils] - Add new category
[INFO] 29-07-2024 20:39:15 [main] [LogUtils] - Add new category
[INFO] 29-07-2024 20:39:16 [main] [LogUtils] - Driver in TestContext: ChromeDriver: chrome on windows (c6ffc23fe0bdae1fec80eb62d242dedd)
[INFO] 29-07-2024 20:39:16 [main] [LogUtils] - Open URL: https://cms.anhtester.com/login
[INFO] 29-07-2024 20:39:18 [main] [LogUtils] - Add new category
[INFO] 29-07-2024 20:39:21 [main] [LogUtils] - Add new category
[INFO] 29-07-2024 20:39:21 [main] [LogUtils] - Add new category
[INFO] 29-07-2024 20:39:21 [main] [LogUtils] - Add new category
[INFO] 29-07-2024 20:39:21 [main] [LogUtils] - Add new category
[INFO] 29-07-2024 20:39:21 [main] [LogUtils] - Add new category
[INFO] 29-07-2024 20:39:21 [main] [LogUtils] - Add new category
[INFO] 29-07-2024 20:39:21 [main] [LogUtils] - Add new category
[INFO] 29-07-2024 20:39:21 [main] [LogUtils] - Add new category
[INFO] 29-07-2024 20:39:22 [main] [LogUtils] - Add new category
[INFO] 29-07-2024 20:39:22 [main] [LogUtils] - Add new category
[INFO] 29-07-2024 20:39:22 [main] [LogUtils] - Add new category
[INFO] 29-07-2024 20:39:23 [main] [LogUtils] - Add new category
[INFO] 29-07-2024 20:39:24 [main] [LogUtils] - Driver in TestContext: ChromeDriver: chrome on windows (b40cd1ecfeeea8834ce579c767fec45d)
[INFO] 29-07-2024 20:39:25 [main] [LogUtils] - Open URL: https://cms.anhtester.com/login
[INFO] 29-07-2024 20:39:26 [main] [LogUtils] - Add new category
[INFO] 29-07-2024 20:39:29 [main] [LogUtils] - Add new category
[INFO] 29-07-2024 20:39:29 [main] [LogUtils] - Add new category
[INFO] 29-07-2024 20:39:29 [main] [LogUtils] - Add new category
[INFO] 29-07-2024 20:39:29 [main] [LogUtils] - Add new category
[INFO] 29-07-2024 20:39:29 [main] [LogUtils] - Add new category
[INFO] 29-07-2024 20:39:29 [main] [LogUtils] - Add new category
[INFO] 29-07-2024 20:39:29 [main] [LogUtils] - Add new category
[INFO] 29-07-2024 20:39:29 [main] [LogUtils] - Add new category
[INFO] 29-07-2024 20:39:30 [main] [LogUtils] - Add new category
[INFO] 29-07-2024 20:39:30 [main] [LogUtils] - Add new category
[INFO] 29-07-2024 20:39:30 [main] [LogUtils] - Add new category
[INFO] 29-07-2024 20:39:31 [main] [LogUtils] - Add new category
[INFO] 29-07-2024 20:39:32 [main] [LogUtils] - Driver in TestContext: ChromeDriver: chrome on windows (4843a76b3a71c61a7b7b1e67f74fe7dd)
[INFO] 29-07-2024 20:39:32 [main] [LogUtils] - Open URL: https://cms.anhtester.com/login
[INFO] 29-07-2024 20:39:34 [main] [LogUtils] - Add new category
[INFO] 29-07-2024 20:39:36 [main] [LogUtils] - Add new category
[INFO] 29-07-2024 20:39:37 [main] [LogUtils] - Add new category
[INFO] 29-07-2024 20:39:37 [main] [LogUtils] - Add new category
[INFO] 29-07-2024 20:39:37 [main] [LogUtils] - Add new category
[INFO] 29-07-2024 20:39:37 [main] [LogUtils] - Add new category
[INFO] 29-07-2024 20:39:37 [main] [LogUtils] - Add new category
[INFO] 29-07-2024 20:39:37 [main] [LogUtils] - Add new category
[INFO] 29-07-2024 20:39:37 [main] [LogUtils] - Add new category
[INFO] 29-07-2024 20:39:37 [main] [LogUtils] - Add new category
[INFO] 29-07-2024 20:39:37 [main] [LogUtils] - Add new category
[INFO] 29-07-2024 20:39:38 [main] [LogUtils] - Add new category
[INFO] 29-07-2024 20:39:38 [main] [LogUtils] - Add new category
[INFO] 29-07-2024 20:39:39 [main] [LogUtils] - Driver in TestContext: ChromeDriver: chrome on windows (4ea72ab09d14db6ba794695800a2995b)
[INFO] 29-07-2024 20:39:40 [main] [LogUtils] - Open URL: https://cms.anhtester.com/login
[INFO] 29-07-2024 20:39:42 [main] [LogUtils] - Add new category
[INFO] 29-07-2024 20:39:44 [main] [LogUtils] - Add new category
[INFO] 29-07-2024 20:39:44 [main] [LogUtils] - Add new category
[INFO] 29-07-2024 20:39:44 [main] [LogUtils] - Add new category
[INFO] 29-07-2024 20:39:44 [main] [LogUtils] - Add new category
[INFO] 29-07-2024 20:39:44 [main] [LogUtils] - Add new category
[INFO] 29-07-2024 20:39:44 [main] [LogUtils] - Add new category
[INFO] 29-07-2024 20:39:44 [main] [LogUtils] - Add new category
[INFO] 29-07-2024 20:39:45 [main] [LogUtils] - Add new category
[INFO] 29-07-2024 20:39:45 [main] [LogUtils] - Add new category
[INFO] 29-07-2024 20:39:45 [main] [LogUtils] - Add new category
[INFO] 29-07-2024 20:39:46 [main] [LogUtils] - Add new category
[INFO] 29-07-2024 20:39:46 [main] [LogUtils] - Add new category
[INFO] 29-07-2024 20:39:47 [main] [LogUtils] - Driver in TestContext: ChromeDriver: chrome on windows (6c2cdbab7ccee980aa4379c71d59edf5)
[INFO] 29-07-2024 20:39:48 [main] [LogUtils] - Open URL: https://cms.anhtester.com/login
[INFO] 29-07-2024 20:39:49 [main] [LogUtils] - Add new category
[INFO] 29-07-2024 20:39:52 [main] [LogUtils] - Add new category
[INFO] 29-07-2024 20:39:52 [main] [LogUtils] - Add new category
[INFO] 29-07-2024 20:39:52 [main] [LogUtils] - Add new category
[INFO] 29-07-2024 20:39:52 [main] [LogUtils] - Add new category
[INFO] 29-07-2024 20:39:52 [main] [LogUtils] - Add new category
[INFO] 29-07-2024 20:39:52 [main] [LogUtils] - Add new category
[INFO] 29-07-2024 20:39:52 [main] [LogUtils] - Add new category
[INFO] 29-07-2024 20:39:52 [main] [LogUtils] - Add new category
[INFO] 29-07-2024 20:39:53 [main] [LogUtils] - Add new category
[INFO] 29-07-2024 20:39:53 [main] [LogUtils] - Add new category
[INFO] 29-07-2024 20:39:53 [main] [LogUtils] - Add new category
[INFO] 29-07-2024 20:41:30 [TestNG-PoolService-3] [LogUtils] - Add new category
[INFO] 29-07-2024 20:41:30 [TestNG-PoolService-5] [LogUtils] - Add new category
[INFO] 29-07-2024 20:41:30 [TestNG-PoolService-4] [LogUtils] - Add new category
[INFO] 29-07-2024 20:41:30 [TestNG-PoolService-1] [LogUtils] - Add new category
[INFO] 29-07-2024 20:41:30 [TestNG-PoolService-2] [LogUtils] - Add new category
[INFO] 29-07-2024 20:41:30 [TestNG-PoolService-6] [LogUtils] - Add new category
[INFO] 29-07-2024 20:41:34 [TestNG-PoolService-4] [LogUtils] - Driver in TestContext: ChromeDriver: chrome on windows (59a730e675fefc7ecf1b382d652a2c0a)
[INFO] 29-07-2024 20:41:34 [TestNG-PoolService-2] [LogUtils] - Driver in TestContext: ChromeDriver: chrome on windows (4fdd5d128f1f2a14585ca28a701d8b57)
[INFO] 29-07-2024 20:41:34 [TestNG-PoolService-5] [LogUtils] - Driver in TestContext: ChromeDriver: chrome on windows (5f0215353fa379e39fc79123dd0125f0)
[INFO] 29-07-2024 20:41:34 [TestNG-PoolService-1] [LogUtils] - Driver in TestContext: ChromeDriver: chrome on windows (6b5f78e14116f61e0489befec5eb39be)
[INFO] 29-07-2024 20:41:34 [TestNG-PoolService-3] [LogUtils] - Driver in TestContext: ChromeDriver: chrome on windows (b3a7ff13ca86a03a68da69dfed99b8f9)
[INFO] 29-07-2024 20:41:34 [TestNG-PoolService-6] [LogUtils] - Driver in TestContext: ChromeDriver: chrome on windows (8ce0be502b3e95f00fba106c35b65ac6)
[INFO] 29-07-2024 20:41:34 [TestNG-PoolService-4] [LogUtils] - Open URL: https://cms.anhtester.com/login
[INFO] 29-07-2024 20:44:58 [main] [LogUtils] - Cucumber TestNG
[INFO] 29-07-2024 20:45:58 [main] [LogUtils] - Cucumber TestNG
[INFO] 29-07-2024 20:46:42 [TestNG-PoolService-1] [LogUtils] - Add new category
[INFO] 29-07-2024 20:46:42 [TestNG-PoolService-5] [LogUtils] - Add new category
[INFO] 29-07-2024 20:46:42 [TestNG-PoolService-6] [LogUtils] - Add new category
[INFO] 29-07-2024 20:46:42 [TestNG-PoolService-4] [LogUtils] - Add new category
[INFO] 29-07-2024 20:46:42 [TestNG-PoolService-3] [LogUtils] - Add new category
[INFO] 29-07-2024 20:46:42 [TestNG-PoolService-2] [LogUtils] - Add new category
[INFO] 29-07-2024 20:46:45 [TestNG-PoolService-5] [LogUtils] - Driver in TestContext: ChromeDriver: chrome on windows (68d2e2a0bbc26739c89f78e5b613456b)
[INFO] 29-07-2024 20:46:45 [TestNG-PoolService-2] [LogUtils] - Driver in TestContext: ChromeDriver: chrome on windows (f2c7c75b48a8dbcda43593ba4bae9366)
[INFO] 29-07-2024 20:46:45 [TestNG-PoolService-6] [LogUtils] - Driver in TestContext: ChromeDriver: chrome on windows (13bffc1b189bf2d6413edd7557dfcd36)
[INFO] 29-07-2024 20:46:45 [TestNG-PoolService-4] [LogUtils] - Driver in TestContext: ChromeDriver: chrome on windows (aa05005350af967b657bec6321cc60d1)
[INFO] 29-07-2024 20:46:45 [TestNG-PoolService-1] [LogUtils] - Driver in TestContext: ChromeDriver: chrome on windows (9b1cf5ee96936cdfe7ff2282cfac006b)
[INFO] 29-07-2024 20:46:45 [TestNG-PoolService-3] [LogUtils] - Driver in TestContext: ChromeDriver: chrome on windows (1861ab670c0b421574b7ed5ef95b3d0d)
[INFO] 29-07-2024 20:46:46 [TestNG-PoolService-5] [LogUtils] - Open URL: https://cms.anhtester.com/login
[INFO] 29-07-2024 20:52:37 [TestNG-PoolService-2] [LogUtils] - Add new category
[INFO] 29-07-2024 20:52:37 [TestNG-PoolService-5] [LogUtils] - Add new category
[INFO] 29-07-2024 20:52:37 [TestNG-PoolService-3] [LogUtils] - Add new category
[INFO] 29-07-2024 20:52:37 [TestNG-PoolService-6] [LogUtils] - Add new category
[INFO] 29-07-2024 20:52:37 [TestNG-PoolService-1] [LogUtils] - Add new category
[INFO] 29-07-2024 20:52:37 [TestNG-PoolService-4] [LogUtils] - Add new category
[INFO] 29-07-2024 20:52:40 [TestNG-PoolService-1] [LogUtils] - Driver in TestContext: ChromeDriver: chrome on windows (1dad5a5e2b8cb2ca7ec002d343ba488f)
[INFO] 29-07-2024 20:52:40 [TestNG-PoolService-6] [LogUtils] - Driver in TestContext: ChromeDriver: chrome on windows (07c2bb21040bc1381da957d782d95f17)
[INFO] 29-07-2024 20:52:40 [TestNG-PoolService-4] [LogUtils] - Driver in TestContext: ChromeDriver: chrome on windows (758e07dbe138b88a01b2cdc52315440c)
[INFO] 29-07-2024 20:52:40 [TestNG-PoolService-5] [LogUtils] - Driver in TestContext: ChromeDriver: chrome on windows (3d4153fe3ae5a85965fe92eff5204c1c)
[INFO] 29-07-2024 20:52:40 [TestNG-PoolService-2] [LogUtils] - Driver in TestContext: ChromeDriver: chrome on windows (0ae6f0e8d00d682031057c006aea19bd)
[INFO] 29-07-2024 20:52:40 [TestNG-PoolService-3] [LogUtils] - Driver in TestContext: ChromeDriver: chrome on windows (77434b0cac770cf63b985cbac6a9e84e)
[INFO] 29-07-2024 20:52:41 [TestNG-PoolService-4] [LogUtils] - Open URL: https://cms.anhtester.com/login
[INFO] 29-07-2024 20:52:41 [TestNG-PoolService-5] [LogUtils] - Open URL: https://cms.anhtester.com/login
[INFO] 29-07-2024 20:52:41 [TestNG-PoolService-5] [LogUtils] - Javascript in NOT Ready!
[INFO] 29-07-2024 20:52:41 [TestNG-PoolService-1] [LogUtils] - Open URL: https://cms.anhtester.com/login
[INFO] 29-07-2024 20:52:41 [TestNG-PoolService-6] [LogUtils] - Open URL: https://cms.anhtester.com/login
[INFO] 29-07-2024 20:54:55 [TestNG-PoolService-1] [LogUtils] - Add new category
[INFO] 29-07-2024 20:54:55 [TestNG-PoolService-3] [LogUtils] - Add new category
[INFO] 29-07-2024 20:54:55 [TestNG-PoolService-5] [LogUtils] - Add new category
[INFO] 29-07-2024 20:54:55 [TestNG-PoolService-2] [LogUtils] - Add new category
[INFO] 29-07-2024 20:54:55 [TestNG-PoolService-4] [LogUtils] - Add new category
[INFO] 29-07-2024 20:54:55 [TestNG-PoolService-6] [LogUtils] - Add new category
[INFO] 29-07-2024 20:54:58 [TestNG-PoolService-3] [LogUtils] - Driver in TestContext: ChromeDriver: chrome on windows (fe59c904bc7001ab80c047856f486515)
[INFO] 29-07-2024 20:54:58 [TestNG-PoolService-5] [LogUtils] - Driver in TestContext: ChromeDriver: chrome on windows (6e8a696e7c8fd138ad510cc0ba5e4f0c)
[INFO] 29-07-2024 20:54:58 [TestNG-PoolService-2] [LogUtils] - Driver in TestContext: ChromeDriver: chrome on windows (6a63a0259bab719ca1af88d096f28e03)
[INFO] 29-07-2024 20:54:58 [TestNG-PoolService-6] [LogUtils] - Driver in TestContext: ChromeDriver: chrome on windows (9c9253b35aad737cc1d0ac2963be5bef)
[INFO] 29-07-2024 20:54:58 [TestNG-PoolService-4] [LogUtils] - Driver in TestContext: ChromeDriver: chrome on windows (b36435768d0399515480474218221946)
[INFO] 29-07-2024 20:54:58 [TestNG-PoolService-1] [LogUtils] - Driver in TestContext: ChromeDriver: chrome on windows (63b92e6bf6563c396aac88eaf36ed5b6)
[INFO] 29-07-2024 20:54:58 [TestNG-PoolService-3] [LogUtils] - Open URL: https://cms.anhtester.com/login
[INFO] 29-07-2024 20:55:00 [TestNG-PoolService-3] [LogUtils] - Add new category
[INFO] 29-07-2024 20:55:02 [TestNG-PoolService-3] [LogUtils] - Add new category
[INFO] 29-07-2024 20:55:02 [TestNG-PoolService-3] [LogUtils] - Add new category
[INFO] 29-07-2024 20:55:02 [TestNG-PoolService-3] [LogUtils] - Add new category
[INFO] 29-07-2024 20:55:02 [TestNG-PoolService-3] [LogUtils] - Add new category
[INFO] 29-07-2024 20:55:02 [TestNG-PoolService-3] [LogUtils] - Add new category
[INFO] 29-07-2024 20:55:02 [TestNG-PoolService-3] [LogUtils] - Add new category
[INFO] 29-07-2024 20:55:02 [TestNG-PoolService-3] [LogUtils] - Add new category
[INFO] 29-07-2024 20:55:02 [TestNG-PoolService-3] [LogUtils] - Add new category
[INFO] 29-07-2024 20:55:02 [TestNG-PoolService-3] [LogUtils] - Add new category
[INFO] 29-07-2024 20:55:02 [TestNG-PoolService-3] [LogUtils] - Add new category
[INFO] 29-07-2024 20:55:04 [TestNG-PoolService-3] [LogUtils] - Add new category
[INFO] 29-07-2024 20:55:40 [main] [LogUtils] - Add new category
[INFO] 29-07-2024 20:55:41 [main] [LogUtils] - Driver in TestContext: ChromeDriver: chrome on windows (da1e5fa773c22ce44a020a4e63c5f89f)
[INFO] 29-07-2024 20:55:42 [main] [LogUtils] - Open URL: https://cms.anhtester.com/login
[INFO] 29-07-2024 20:55:43 [main] [LogUtils] - Add new category
[INFO] 29-07-2024 20:55:45 [main] [LogUtils] - Add new category
[INFO] 29-07-2024 20:55:45 [main] [LogUtils] - Add new category
[INFO] 29-07-2024 20:55:45 [main] [LogUtils] - Add new category
[INFO] 29-07-2024 20:55:45 [main] [LogUtils] - Add new category
[INFO] 29-07-2024 20:55:45 [main] [LogUtils] - Add new category
[INFO] 29-07-2024 20:55:45 [main] [LogUtils] - Add new category
[INFO] 29-07-2024 20:55:45 [main] [LogUtils] - Add new category
[INFO] 29-07-2024 20:55:45 [main] [LogUtils] - Add new category
[INFO] 29-07-2024 20:55:46 [main] [LogUtils] - Add new category
[INFO] 29-07-2024 20:55:46 [main] [LogUtils] - Add new category
[INFO] 29-07-2024 20:55:46 [main] [LogUtils] - Add new category
[INFO] 29-07-2024 20:55:46 [main] [LogUtils] - Add new category
[INFO] 29-07-2024 20:55:47 [main] [LogUtils] - Driver in TestContext: ChromeDriver: chrome on windows (20c7524cb98568a86fd4ed534e923d24)
[INFO] 29-07-2024 20:55:47 [main] [LogUtils] - Add new category
[INFO] 29-07-2024 20:55:48 [main] [LogUtils] - Driver in TestContext: ChromeDriver: chrome on windows (f640ed3e353dfc6a82a1a32fde8caeac)
[INFO] 29-07-2024 20:55:48 [main] [LogUtils] - Add new category
[INFO] 29-07-2024 20:55:49 [main] [LogUtils] - Driver in TestContext: ChromeDriver: chrome on windows (12902d0b7af5db54a10eb0687fffc9c0)
[INFO] 29-07-2024 20:55:49 [main] [LogUtils] - Add new category
[INFO] 29-07-2024 20:55:50 [main] [LogUtils] - Driver in TestContext: ChromeDriver: chrome on windows (d771f173d0dea3e745690a5d3e5beaa9)
[INFO] 29-07-2024 20:55:50 [main] [LogUtils] - Add new category
[INFO] 29-07-2024 20:55:51 [main] [LogUtils] - Driver in TestContext: ChromeDriver: chrome on windows (3334810e2b5f35cf5c0a28049ccb1661)
[INFO] 29-07-2024 20:56:44 [main] [LogUtils] - Add new category
[INFO] 29-07-2024 20:56:45 [main] [LogUtils] - Driver in TestContext: ChromeDriver: chrome on windows (f8e4da9a6ae8699f53d7a8cfbdb691d6)
[INFO] 29-07-2024 20:56:46 [main] [LogUtils] - Open URL: https://cms.anhtester.com/login
[INFO] 29-07-2024 20:56:47 [main] [LogUtils] - Add new category
[INFO] 29-07-2024 20:56:49 [main] [LogUtils] - Add new category
[INFO] 29-07-2024 20:56:49 [main] [LogUtils] - Add new category
[INFO] 29-07-2024 20:56:49 [main] [LogUtils] - Add new category
[INFO] 29-07-2024 20:56:49 [main] [LogUtils] - Add new category
[INFO] 29-07-2024 20:56:49 [main] [LogUtils] - Add new category
[INFO] 29-07-2024 20:56:49 [main] [LogUtils] - Add new category
[INFO] 29-07-2024 20:56:49 [main] [LogUtils] - Add new category
[INFO] 29-07-2024 20:56:49 [main] [LogUtils] - Add new category
[INFO] 29-07-2024 20:56:50 [main] [LogUtils] - Add new category
[INFO] 29-07-2024 20:56:50 [main] [LogUtils] - Add new category
[INFO] 29-07-2024 20:56:50 [main] [LogUtils] - Add new category
[INFO] 29-07-2024 20:56:50 [main] [LogUtils] - Add new category
[INFO] 29-07-2024 20:56:51 [main] [LogUtils] - Driver in TestContext: ChromeDriver: chrome on windows (04020a1d459382abfe358782aa3ad66c)
[INFO] 29-07-2024 20:56:51 [main] [LogUtils] - Add new category
[INFO] 29-07-2024 20:56:52 [main] [LogUtils] - Driver in TestContext: ChromeDriver: chrome on windows (90b226cd6282d310b3dd9925b3f55481)
[INFO] 29-07-2024 20:56:52 [main] [LogUtils] - Add new category
[INFO] 29-07-2024 20:56:53 [main] [LogUtils] - Driver in TestContext: ChromeDriver: chrome on windows (44cd1059ad7d44070bdc2132e4a9f4ed)
[INFO] 29-07-2024 20:56:53 [main] [LogUtils] - Add new category
[INFO] 29-07-2024 20:56:54 [main] [LogUtils] - Driver in TestContext: ChromeDriver: chrome on windows (396e82a7e4f29ddfe3bea88afb154a04)
[INFO] 29-07-2024 20:56:54 [main] [LogUtils] - Add new category
[INFO] 29-07-2024 20:56:55 [main] [LogUtils] - Driver in TestContext: ChromeDriver: chrome on windows (efb330d35db6a5cc4f214a376b59cb5d)
[INFO] 29-07-2024 20:57:38 [main] [LogUtils] - Add new category
[INFO] 29-07-2024 20:57:39 [main] [LogUtils] - Driver in TestContext: ChromeDriver: chrome on windows (56c9fa4dc197cbe2645e4eeb22b3289c)
[INFO] 29-07-2024 20:57:40 [main] [LogUtils] - Open URL: https://cms.anhtester.com/login
[INFO] 29-07-2024 20:57:42 [main] [LogUtils] - Add new category
[INFO] 29-07-2024 20:57:44 [main] [LogUtils] - Add new category
[INFO] 29-07-2024 20:57:44 [main] [LogUtils] - Add new category
[INFO] 29-07-2024 20:57:44 [main] [LogUtils] - Add new category
[INFO] 29-07-2024 20:57:44 [main] [LogUtils] - Add new category
[INFO] 29-07-2024 20:57:44 [main] [LogUtils] - Add new category
[INFO] 29-07-2024 20:57:44 [main] [LogUtils] - Add new category
[INFO] 29-07-2024 20:57:44 [main] [LogUtils] - Add new category
[INFO] 29-07-2024 20:57:44 [main] [LogUtils] - Add new category
[INFO] 29-07-2024 20:57:44 [main] [LogUtils] - Add new category
[INFO] 29-07-2024 20:57:44 [main] [LogUtils] - Add new category
[INFO] 29-07-2024 20:57:44 [main] [LogUtils] - Add new category
[INFO] 29-07-2024 20:57:44 [main] [LogUtils] - Add new category
[INFO] 29-07-2024 20:57:45 [main] [LogUtils] - Driver in TestContext: ChromeDriver: chrome on windows (dbbe967deba5d4079a111b0f7c04bead)
[INFO] 29-07-2024 20:57:46 [main] [LogUtils] - Open URL: https://cms.anhtester.com/login
[INFO] 29-07-2024 20:57:47 [main] [LogUtils] - Add new category
[INFO] 29-07-2024 20:57:49 [main] [LogUtils] - Add new category
[INFO] 29-07-2024 20:57:49 [main] [LogUtils] - Add new category
[INFO] 29-07-2024 20:57:49 [main] [LogUtils] - Add new category
[INFO] 29-07-2024 20:57:50 [main] [LogUtils] - Add new category
[INFO] 29-07-2024 20:57:50 [main] [LogUtils] - Add new category
[INFO] 29-07-2024 20:57:50 [main] [LogUtils] - Add new category
[INFO] 29-07-2024 20:57:50 [main] [LogUtils] - Add new category
[INFO] 29-07-2024 20:57:50 [main] [LogUtils] - Add new category
[INFO] 29-07-2024 20:57:50 [main] [LogUtils] - Add new category
[INFO] 29-07-2024 20:57:50 [main] [LogUtils] - Add new category
[INFO] 29-07-2024 20:57:51 [main] [LogUtils] - Add new category
[INFO] 29-07-2024 20:57:51 [main] [LogUtils] - Add new category
[INFO] 29-07-2024 20:57:52 [main] [LogUtils] - Driver in TestContext: ChromeDriver: chrome on windows (7fb68a6a99fcbdcf125f9ec53f821240)
[INFO] 29-07-2024 20:57:52 [main] [LogUtils] - Open URL: https://cms.anhtester.com/login
[INFO] 29-07-2024 20:57:54 [main] [LogUtils] - Add new category
[INFO] 29-07-2024 20:57:56 [main] [LogUtils] - Add new category
[INFO] 29-07-2024 20:57:56 [main] [LogUtils] - Add new category
[INFO] 29-07-2024 20:57:56 [main] [LogUtils] - Add new category
[INFO] 29-07-2024 20:57:56 [main] [LogUtils] - Add new category
[INFO] 29-07-2024 20:57:56 [main] [LogUtils] - Add new category
[INFO] 29-07-2024 20:57:56 [main] [LogUtils] - Add new category
[INFO] 29-07-2024 20:57:56 [main] [LogUtils] - Add new category
[INFO] 29-07-2024 20:57:56 [main] [LogUtils] - Add new category
[INFO] 29-07-2024 20:57:56 [main] [LogUtils] - Add new category
[INFO] 29-07-2024 20:57:56 [main] [LogUtils] - Add new category
[INFO] 29-07-2024 20:57:57 [main] [LogUtils] - Add new category
[INFO] 29-07-2024 20:57:57 [main] [LogUtils] - Add new category
[INFO] 29-07-2024 20:57:58 [main] [LogUtils] - Driver in TestContext: ChromeDriver: chrome on windows (245442f8b500971274150ee479b7d6b3)
[INFO] 29-07-2024 20:57:59 [main] [LogUtils] - Open URL: https://cms.anhtester.com/login
[INFO] 29-07-2024 20:58:00 [main] [LogUtils] - Add new category
[INFO] 29-07-2024 20:58:02 [main] [LogUtils] - Add new category
[INFO] 29-07-2024 20:58:02 [main] [LogUtils] - Add new category
[INFO] 29-07-2024 20:58:02 [main] [LogUtils] - Add new category
[INFO] 29-07-2024 20:58:02 [main] [LogUtils] - Add new category
[INFO] 29-07-2024 20:58:02 [main] [LogUtils] - Add new category
[INFO] 29-07-2024 20:58:02 [main] [LogUtils] - Add new category
[INFO] 29-07-2024 20:58:02 [main] [LogUtils] - Add new category
[INFO] 29-07-2024 20:58:02 [main] [LogUtils] - Add new category
[INFO] 29-07-2024 20:58:03 [main] [LogUtils] - Add new category
[INFO] 29-07-2024 20:58:03 [main] [LogUtils] - Add new category
[INFO] 29-07-2024 20:58:04 [main] [LogUtils] - Add new category
[INFO] 29-07-2024 20:58:04 [main] [LogUtils] - Add new category
[INFO] 29-07-2024 20:58:05 [main] [LogUtils] - Driver in TestContext: ChromeDriver: chrome on windows (307a8d7ee6d5fed6c36d01d5a92b7186)
[INFO] 29-07-2024 20:58:05 [main] [LogUtils] - Open URL: https://cms.anhtester.com/login
[INFO] 29-07-2024 20:58:07 [main] [LogUtils] - Add new category
[INFO] 29-07-2024 20:58:09 [main] [LogUtils] - Add new category
[INFO] 29-07-2024 20:58:09 [main] [LogUtils] - Add new category
[INFO] 29-07-2024 20:58:09 [main] [LogUtils] - Add new category
[INFO] 29-07-2024 20:58:09 [main] [LogUtils] - Add new category
[INFO] 29-07-2024 20:58:09 [main] [LogUtils] - Add new category
[INFO] 29-07-2024 20:58:09 [main] [LogUtils] - Add new category
[INFO] 29-07-2024 20:58:09 [main] [LogUtils] - Add new category
[INFO] 29-07-2024 20:58:09 [main] [LogUtils] - Add new category
[INFO] 29-07-2024 20:58:09 [main] [LogUtils] - Add new category
[INFO] 29-07-2024 20:58:09 [main] [LogUtils] - Add new category
[INFO] 29-07-2024 20:58:10 [main] [LogUtils] - Add new category
[INFO] 29-07-2024 20:58:11 [main] [LogUtils] - Add new category
[INFO] 29-07-2024 20:58:11 [main] [LogUtils] - Driver in TestContext: ChromeDriver: chrome on windows (0203c71743907e4ebbce13cc016dc2c8)
[INFO] 29-07-2024 20:58:12 [main] [LogUtils] - Open URL: https://cms.anhtester.com/login
[INFO] 29-07-2024 20:58:14 [main] [LogUtils] - Add new category
[INFO] 29-07-2024 20:58:16 [main] [LogUtils] - Add new category
[INFO] 29-07-2024 20:58:16 [main] [LogUtils] - Add new category
[INFO] 29-07-2024 20:58:16 [main] [LogUtils] - Add new category
[INFO] 29-07-2024 20:58:16 [main] [LogUtils] - Add new category
[INFO] 29-07-2024 20:58:16 [main] [LogUtils] - Add new category
[INFO] 29-07-2024 20:58:16 [main] [LogUtils] - Add new category
[INFO] 29-07-2024 20:58:16 [main] [LogUtils] - Add new category
[INFO] 29-07-2024 20:58:16 [main] [LogUtils] - Add new category
[INFO] 29-07-2024 20:58:16 [main] [LogUtils] - Add new category
[INFO] 29-07-2024 20:58:16 [main] [LogUtils] - Add new category
[INFO] 29-07-2024 20:58:17 [main] [LogUtils] - Add new category
